{"C:\\Users\\phall\\Documents\\CODE2026-7\\DirectoryDisplayApp\\DirectoryDisplayApp\\electron\\security\\fileOperationPolicy.cjs": {"path":"C:\\Users\\phall\\Documents\\CODE2026-7\\DirectoryDisplayApp\\DirectoryDisplayApp\\electron\\security\\fileOperationPolicy.cjs","statementMap":{"0":{"start":{"line":1,"column":13},"end":{"line":1,"column":28}},"1":{"start":{"line":2,"column":11},"end":{"line":2,"column":24}},"2":{"start":{"line":7,"column":31},"end":{"line":11,"column":2}},"3":{"start":{"line":16,"column":30},"end":{"line":16,"column":53}},"4":{"start":{"line":24,"column":14},"end":{"line":24,"column":36}},"5":{"start":{"line":26,"column":21},"end":{"line":26,"column":66}},"6":{"start":{"line":27,"column":22},"end":{"line":27,"column":73}},"7":{"start":{"line":28,"column":23},"end":{"line":28,"column":74}},"8":{"start":{"line":29,"column":26},"end":{"line":29,"column":91}},"9":{"start":{"line":30,"column":22},"end":{"line":30,"column":93}},"10":{"start":{"line":31,"column":22},"end":{"line":31,"column":73}},"11":{"start":{"line":33,"column":19},"end":{"line":33,"column":52}},"12":{"start":{"line":34,"column":21},"end":{"line":34,"column":59}},"13":{"start":{"line":35,"column":21},"end":{"line":35,"column":72}},"14":{"start":{"line":36,"column":18},"end":{"line":36,"column":48}},"15":{"start":{"line":37,"column":22},"end":{"line":37,"column":56}},"16":{"start":{"line":39,"column":2},"end":{"line":51,"column":null}},"17":{"start":{"line":61,"column":2},"end":{"line":67,"column":null}},"18":{"start":{"line":62,"column":4},"end":{"line":66,"column":null}},"19":{"start":{"line":69,"column":2},"end":{"line":75,"column":null}},"20":{"start":{"line":70,"column":4},"end":{"line":74,"column":null}},"21":{"start":{"line":77,"column":18},"end":{"line":77,"column":34}},"22":{"start":{"line":79,"column":23},"end":{"line":79,"column":51}},"23":{"start":{"line":80,"column":2},"end":{"line":86,"column":null}},"24":{"start":{"line":81,"column":4},"end":{"line":85,"column":null}},"25":{"start":{"line":88,"column":19},"end":{"line":88,"column":40}},"26":{"start":{"line":89,"column":21},"end":{"line":89,"column":45}},"27":{"start":{"line":91,"column":2},"end":{"line":94,"column":null}},"28":{"start":{"line":105,"column":24},"end":{"line":105,"column":67}},"29":{"start":{"line":106,"column":21},"end":{"line":106,"column":61}},"30":{"start":{"line":108,"column":2},"end":{"line":110,"column":null}},"31":{"start":{"line":109,"column":4},"end":{"line":109,"column":null}},"32":{"start":{"line":112,"column":14},"end":{"line":112,"column":54}},"33":{"start":{"line":113,"column":2},"end":{"line":113,"column":null}},"34":{"start":{"line":122,"column":17},"end":{"line":122,"column":43}},"35":{"start":{"line":123,"column":2},"end":{"line":123,"column":null}},"36":{"start":{"line":131,"column":2},"end":{"line":131,"column":null}},"37":{"start":{"line":131,"column":17},"end":{"line":131,"column":null}},"38":{"start":{"line":132,"column":23},"end":{"line":132,"column":48}},"39":{"start":{"line":133,"column":2},"end":{"line":135,"column":null}},"40":{"start":{"line":134,"column":4},"end":{"line":134,"column":null}},"41":{"start":{"line":136,"column":2},"end":{"line":139,"column":null}},"42":{"start":{"line":148,"column":2},"end":{"line":154,"column":null}},"43":{"start":{"line":149,"column":4},"end":{"line":153,"column":null}},"44":{"start":{"line":156,"column":18},"end":{"line":156,"column":33}},"45":{"start":{"line":157,"column":2},"end":{"line":163,"column":null}},"46":{"start":{"line":158,"column":4},"end":{"line":162,"column":null}},"47":{"start":{"line":165,"column":2},"end":{"line":171,"column":null}},"48":{"start":{"line":166,"column":4},"end":{"line":170,"column":null}},"49":{"start":{"line":173,"column":2},"end":{"line":179,"column":null}},"50":{"start":{"line":174,"column":4},"end":{"line":178,"column":null}},"51":{"start":{"line":181,"column":23},"end":{"line":181,"column":46}},"52":{"start":{"line":182,"column":20},"end":{"line":182,"column":42}},"53":{"start":{"line":183,"column":20},"end":{"line":183,"column":42}},"54":{"start":{"line":185,"column":2},"end":{"line":191,"column":null}},"55":{"start":{"line":186,"column":4},"end":{"line":190,"column":null}},"56":{"start":{"line":193,"column":2},"end":{"line":193,"column":null}},"57":{"start":{"line":217,"column":20},"end":{"line":217,"column":47}},"58":{"start":{"line":219,"column":31},"end":{"line":229,"column":19}},"59":{"start":{"line":232,"column":33},"end":{"line":269,"column":3}},"60":{"start":{"line":233,"column":4},"end":{"line":239,"column":null}},"61":{"start":{"line":234,"column":6},"end":{"line":238,"column":null}},"62":{"start":{"line":241,"column":4},"end":{"line":247,"column":null}},"63":{"start":{"line":241,"column":41},"end":{"line":241,"column":77}},"64":{"start":{"line":242,"column":6},"end":{"line":246,"column":null}},"65":{"start":{"line":249,"column":4},"end":{"line":255,"column":null}},"66":{"start":{"line":250,"column":6},"end":{"line":254,"column":null}},"67":{"start":{"line":257,"column":4},"end":{"line":266,"column":null}},"68":{"start":{"line":258,"column":26},"end":{"line":258,"column":66}},"69":{"start":{"line":259,"column":6},"end":{"line":265,"column":null}},"70":{"start":{"line":260,"column":8},"end":{"line":264,"column":null}},"71":{"start":{"line":268,"column":4},"end":{"line":268,"column":null}},"72":{"start":{"line":271,"column":2},"end":{"line":456,"column":null}},"73":{"start":{"line":273,"column":21},"end":{"line":273,"column":50}},"74":{"start":{"line":274,"column":19},"end":{"line":274,"column":40}},"75":{"start":{"line":275,"column":6},"end":{"line":275,"column":null}},"76":{"start":{"line":275,"column":23},"end":{"line":275,"column":null}},"77":{"start":{"line":278,"column":6},"end":{"line":278,"column":null}},"78":{"start":{"line":282,"column":22},"end":{"line":282,"column":47}},"79":{"start":{"line":283,"column":6},"end":{"line":283,"column":null}},"80":{"start":{"line":283,"column":26},"end":{"line":283,"column":null}},"81":{"start":{"line":285,"column":24},"end":{"line":285,"column":80}},"82":{"start":{"line":286,"column":6},"end":{"line":288,"column":null}},"83":{"start":{"line":287,"column":8},"end":{"line":287,"column":null}},"84":{"start":{"line":290,"column":24},"end":{"line":290,"column":49}},"85":{"start":{"line":291,"column":6},"end":{"line":293,"column":null}},"86":{"start":{"line":292,"column":8},"end":{"line":292,"column":null}},"87":{"start":{"line":295,"column":6},"end":{"line":295,"column":null}},"88":{"start":{"line":299,"column":21},"end":{"line":299,"column":45}},"89":{"start":{"line":300,"column":25},"end":{"line":300,"column":46}},"90":{"start":{"line":301,"column":6},"end":{"line":301,"column":null}},"91":{"start":{"line":301,"column":29},"end":{"line":301,"column":null}},"92":{"start":{"line":303,"column":24},"end":{"line":303,"column":83}},"93":{"start":{"line":304,"column":6},"end":{"line":306,"column":null}},"94":{"start":{"line":305,"column":8},"end":{"line":305,"column":null}},"95":{"start":{"line":308,"column":6},"end":{"line":308,"column":null}},"96":{"start":{"line":312,"column":22},"end":{"line":312,"column":47}},"97":{"start":{"line":313,"column":6},"end":{"line":313,"column":null}},"98":{"start":{"line":313,"column":26},"end":{"line":313,"column":null}},"99":{"start":{"line":315,"column":23},"end":{"line":315,"column":53}},"100":{"start":{"line":316,"column":6},"end":{"line":316,"column":null}},"101":{"start":{"line":316,"column":27},"end":{"line":316,"column":null}},"102":{"start":{"line":319,"column":6},"end":{"line":325,"column":null}},"103":{"start":{"line":320,"column":8},"end":{"line":324,"column":null}},"104":{"start":{"line":327,"column":23},"end":{"line":327,"column":59}},"105":{"start":{"line":328,"column":24},"end":{"line":328,"column":61}},"106":{"start":{"line":330,"column":6},"end":{"line":336,"column":null}},"107":{"start":{"line":331,"column":8},"end":{"line":335,"column":null}},"108":{"start":{"line":338,"column":6},"end":{"line":344,"column":null}},"109":{"start":{"line":339,"column":8},"end":{"line":343,"column":null}},"110":{"start":{"line":347,"column":6},"end":{"line":353,"column":null}},"111":{"start":{"line":347,"column":43},"end":{"line":347,"column":88}},"112":{"start":{"line":348,"column":8},"end":{"line":352,"column":null}},"113":{"start":{"line":355,"column":6},"end":{"line":360,"column":null}},"114":{"start":{"line":356,"column":26},"end":{"line":356,"column":51}},"115":{"start":{"line":357,"column":8},"end":{"line":359,"column":null}},"116":{"start":{"line":358,"column":10},"end":{"line":358,"column":null}},"117":{"start":{"line":362,"column":6},"end":{"line":362,"column":null}},"118":{"start":{"line":366,"column":22},"end":{"line":366,"column":47}},"119":{"start":{"line":367,"column":6},"end":{"line":367,"column":null}},"120":{"start":{"line":367,"column":26},"end":{"line":367,"column":null}},"121":{"start":{"line":369,"column":23},"end":{"line":369,"column":53}},"122":{"start":{"line":370,"column":6},"end":{"line":370,"column":null}},"123":{"start":{"line":370,"column":27},"end":{"line":370,"column":null}},"124":{"start":{"line":372,"column":22},"end":{"line":372,"column":78}},"125":{"start":{"line":373,"column":6},"end":{"line":375,"column":null}},"126":{"start":{"line":374,"column":8},"end":{"line":374,"column":null}},"127":{"start":{"line":377,"column":23},"end":{"line":377,"column":59}},"128":{"start":{"line":378,"column":24},"end":{"line":378,"column":61}},"129":{"start":{"line":380,"column":6},"end":{"line":386,"column":null}},"130":{"start":{"line":381,"column":8},"end":{"line":385,"column":null}},"131":{"start":{"line":388,"column":6},"end":{"line":394,"column":null}},"132":{"start":{"line":389,"column":8},"end":{"line":393,"column":null}},"133":{"start":{"line":397,"column":6},"end":{"line":403,"column":null}},"134":{"start":{"line":397,"column":43},"end":{"line":397,"column":88}},"135":{"start":{"line":398,"column":8},"end":{"line":402,"column":null}},"136":{"start":{"line":405,"column":6},"end":{"line":410,"column":null}},"137":{"start":{"line":406,"column":26},"end":{"line":406,"column":51}},"138":{"start":{"line":407,"column":8},"end":{"line":409,"column":null}},"139":{"start":{"line":408,"column":10},"end":{"line":408,"column":null}},"140":{"start":{"line":412,"column":6},"end":{"line":412,"column":null}},"141":{"start":{"line":418,"column":21},"end":{"line":418,"column":50}},"142":{"start":{"line":419,"column":6},"end":{"line":431,"column":null}},"143":{"start":{"line":420,"column":27},"end":{"line":420,"column":48}},"144":{"start":{"line":421,"column":8},"end":{"line":421,"column":null}},"145":{"start":{"line":421,"column":31},"end":{"line":421,"column":null}},"146":{"start":{"line":423,"column":26},"end":{"line":423,"column":85}},"147":{"start":{"line":424,"column":8},"end":{"line":430,"column":null}},"148":{"start":{"line":425,"column":10},"end":{"line":429,"column":null}},"149":{"start":{"line":433,"column":6},"end":{"line":445,"column":null}},"150":{"start":{"line":434,"column":24},"end":{"line":434,"column":49}},"151":{"start":{"line":435,"column":8},"end":{"line":435,"column":null}},"152":{"start":{"line":435,"column":28},"end":{"line":435,"column":null}},"153":{"start":{"line":437,"column":26},"end":{"line":437,"column":82}},"154":{"start":{"line":438,"column":8},"end":{"line":444,"column":null}},"155":{"start":{"line":439,"column":10},"end":{"line":443,"column":null}},"156":{"start":{"line":447,"column":6},"end":{"line":447,"column":null}},"157":{"start":{"line":451,"column":6},"end":{"line":455,"column":null}},"158":{"start":{"line":465,"column":2},"end":{"line":492,"column":null}},"159":{"start":{"line":466,"column":18},"end":{"line":466,"column":51}},"160":{"start":{"line":467,"column":18},"end":{"line":467,"column":40}},"161":{"start":{"line":468,"column":19},"end":{"line":468,"column":24}},"162":{"start":{"line":470,"column":4},"end":{"line":476,"column":null}},"163":{"start":{"line":471,"column":6},"end":{"line":475,"column":null}},"164":{"start":{"line":472,"column":8},"end":{"line":472,"column":null}},"165":{"start":{"line":479,"column":23},"end":{"line":479,"column":49}},"166":{"start":{"line":481,"column":4},"end":{"line":489,"column":null}},"167":{"start":{"line":491,"column":4},"end":{"line":491,"column":null}},"168":{"start":{"line":495,"column":0},"end":{"line":506,"column":null}}},"fnMap":{"0":{"name":"getSystemLocations","decl":{"start":{"line":23,"column":9},"end":{"line":23,"column":27}},"loc":{"start":{"line":23,"column":44},"end":{"line":52,"column":null}},"line":23},"1":{"name":"normalizePath","decl":{"start":{"line":60,"column":9},"end":{"line":60,"column":22}},"loc":{"start":{"line":60,"column":34},"end":{"line":95,"column":null}},"line":60},"2":{"name":"isSameOrChildPath","decl":{"start":{"line":104,"column":9},"end":{"line":104,"column":26}},"loc":{"start":{"line":104,"column":54},"end":{"line":114,"column":null}},"line":104},"3":{"name":"isDriveRoot","decl":{"start":{"line":121,"column":9},"end":{"line":121,"column":20}},"loc":{"start":{"line":121,"column":37},"end":{"line":124,"column":null}},"line":121},"4":{"name":"splitFileName","decl":{"start":{"line":130,"column":9},"end":{"line":130,"column":22}},"loc":{"start":{"line":130,"column":38},"end":{"line":140,"column":null}},"line":130},"5":{"name":"validateFileName","decl":{"start":{"line":147,"column":9},"end":{"line":147,"column":25}},"loc":{"start":{"line":147,"column":36},"end":{"line":194,"column":null}},"line":147},"6":{"name":"checkFileOperation","decl":{"start":{"line":208,"column":9},"end":{"line":208,"column":27}},"loc":{"start":{"line":216,"column":3},"end":{"line":457,"column":null}},"line":216},"7":{"name":"(anonymous_7)","decl":{"start":{"line":232,"column":33},"end":{"line":232,"column":34}},"loc":{"start":{"line":232,"column":70},"end":{"line":269,"column":3}},"line":232},"8":{"name":"(anonymous_8)","decl":{"start":{"line":241,"column":34},"end":{"line":241,"column":35}},"loc":{"start":{"line":241,"column":41},"end":{"line":241,"column":77}},"line":241},"9":{"name":"(anonymous_9)","decl":{"start":{"line":347,"column":36},"end":{"line":347,"column":37}},"loc":{"start":{"line":347,"column":43},"end":{"line":347,"column":88}},"line":347},"10":{"name":"(anonymous_10)","decl":{"start":{"line":397,"column":36},"end":{"line":397,"column":37}},"loc":{"start":{"line":397,"column":43},"end":{"line":397,"column":88}},"line":397},"11":{"name":"inspectItemAttributes","decl":{"start":{"line":464,"column":15},"end":{"line":464,"column":36}},"loc":{"start":{"line":464,"column":47},"end":{"line":493,"column":null}},"line":464}},"branchMap":{"0":{"loc":{"start":{"line":23,"column":28},"end":{"line":23,"column":42}},"type":"default-arg","locations":[{"start":{"line":23,"column":38},"end":{"line":23,"column":42}}],"line":23},"1":{"loc":{"start":{"line":24,"column":14},"end":{"line":24,"column":36}},"type":"binary-expr","locations":[{"start":{"line":24,"column":14},"end":{"line":24,"column":21}},{"start":{"line":24,"column":25},"end":{"line":24,"column":36}}],"line":24},"2":{"loc":{"start":{"line":26,"column":21},"end":{"line":26,"column":66}},"type":"binary-expr","locations":[{"start":{"line":26,"column":21},"end":{"line":26,"column":35}},{"start":{"line":26,"column":39},"end":{"line":26,"column":49}},{"start":{"line":26,"column":53},"end":{"line":26,"column":66}}],"line":26},"3":{"loc":{"start":{"line":27,"column":22},"end":{"line":27,"column":73}},"type":"binary-expr","locations":[{"start":{"line":27,"column":22},"end":{"line":27,"column":37}},{"start":{"line":27,"column":42},"end":{"line":27,"column":64}},{"start":{"line":27,"column":69},"end":{"line":27,"column":73}}],"line":27},"4":{"loc":{"start":{"line":28,"column":23},"end":{"line":28,"column":74}},"type":"binary-expr","locations":[{"start":{"line":28,"column":23},"end":{"line":28,"column":39}},{"start":{"line":28,"column":43},"end":{"line":28,"column":74}}],"line":28},"5":{"loc":{"start":{"line":29,"column":26},"end":{"line":29,"column":91}},"type":"binary-expr","locations":[{"start":{"line":29,"column":26},"end":{"line":29,"column":50}},{"start":{"line":29,"column":54},"end":{"line":29,"column":91}}],"line":29},"6":{"loc":{"start":{"line":30,"column":22},"end":{"line":30,"column":93}},"type":"binary-expr","locations":[{"start":{"line":30,"column":22},"end":{"line":30,"column":37}},{"start":{"line":30,"column":41},"end":{"line":30,"column":60}},{"start":{"line":30,"column":64},"end":{"line":30,"column":93}}],"line":30},"7":{"loc":{"start":{"line":31,"column":22},"end":{"line":31,"column":73}},"type":"binary-expr","locations":[{"start":{"line":31,"column":22},"end":{"line":31,"column":37}},{"start":{"line":31,"column":41},"end":{"line":31,"column":73}}],"line":31},"8":{"loc":{"start":{"line":61,"column":2},"end":{"line":67,"column":null}},"type":"if","locations":[{"start":{"line":61,"column":2},"end":{"line":67,"column":null}},{"start":{},"end":{}}],"line":61},"9":{"loc":{"start":{"line":61,"column":6},"end":{"line":61,"column":56}},"type":"binary-expr","locations":[{"start":{"line":61,"column":6},"end":{"line":61,"column":35}},{"start":{"line":61,"column":39},"end":{"line":61,"column":56}}],"line":61},"10":{"loc":{"start":{"line":69,"column":2},"end":{"line":75,"column":null}},"type":"if","locations":[{"start":{"line":69,"column":2},"end":{"line":75,"column":null}},{"start":{},"end":{}}],"line":69},"11":{"loc":{"start":{"line":80,"column":2},"end":{"line":86,"column":null}},"type":"if","locations":[{"start":{"line":80,"column":2},"end":{"line":86,"column":null}},{"start":{},"end":{}}],"line":80},"12":{"loc":{"start":{"line":80,"column":6},"end":{"line":80,"column":101}},"type":"binary-expr","locations":[{"start":{"line":80,"column":6},"end":{"line":80,"column":31}},{"start":{"line":80,"column":35},"end":{"line":80,"column":65}},{"start":{"line":80,"column":69},"end":{"line":80,"column":101}}],"line":80},"13":{"loc":{"start":{"line":108,"column":2},"end":{"line":110,"column":null}},"type":"if","locations":[{"start":{"line":108,"column":2},"end":{"line":110,"column":null}},{"start":{},"end":{}}],"line":108},"14":{"loc":{"start":{"line":113,"column":9},"end":{"line":113,"column":69}},"type":"binary-expr","locations":[{"start":{"line":113,"column":9},"end":{"line":113,"column":19}},{"start":{"line":113,"column":23},"end":{"line":113,"column":44}},{"start":{"line":113,"column":48},"end":{"line":113,"column":69}}],"line":113},"15":{"loc":{"start":{"line":130,"column":23},"end":{"line":130,"column":36}},"type":"default-arg","locations":[{"start":{"line":130,"column":34},"end":{"line":130,"column":36}}],"line":130},"16":{"loc":{"start":{"line":131,"column":2},"end":{"line":131,"column":null}},"type":"if","locations":[{"start":{"line":131,"column":2},"end":{"line":131,"column":null}},{"start":{},"end":{}}],"line":131},"17":{"loc":{"start":{"line":133,"column":2},"end":{"line":135,"column":null}},"type":"if","locations":[{"start":{"line":133,"column":2},"end":{"line":135,"column":null}},{"start":{},"end":{}}],"line":133},"18":{"loc":{"start":{"line":133,"column":6},"end":{"line":133,"column":63}},"type":"binary-expr","locations":[{"start":{"line":133,"column":6},"end":{"line":133,"column":23}},{"start":{"line":133,"column":27},"end":{"line":133,"column":63}}],"line":133},"19":{"loc":{"start":{"line":148,"column":2},"end":{"line":154,"column":null}},"type":"if","locations":[{"start":{"line":148,"column":2},"end":{"line":154,"column":null}},{"start":{},"end":{}}],"line":148},"20":{"loc":{"start":{"line":148,"column":6},"end":{"line":148,"column":54}},"type":"binary-expr","locations":[{"start":{"line":148,"column":6},"end":{"line":148,"column":34}},{"start":{"line":148,"column":38},"end":{"line":148,"column":54}}],"line":148},"21":{"loc":{"start":{"line":157,"column":2},"end":{"line":163,"column":null}},"type":"if","locations":[{"start":{"line":157,"column":2},"end":{"line":163,"column":null}},{"start":{},"end":{}}],"line":157},"22":{"loc":{"start":{"line":157,"column":6},"end":{"line":157,"column":41}},"type":"binary-expr","locations":[{"start":{"line":157,"column":6},"end":{"line":157,"column":21}},{"start":{"line":157,"column":25},"end":{"line":157,"column":41}}],"line":157},"23":{"loc":{"start":{"line":165,"column":2},"end":{"line":171,"column":null}},"type":"if","locations":[{"start":{"line":165,"column":2},"end":{"line":171,"column":null}},{"start":{},"end":{}}],"line":165},"24":{"loc":{"start":{"line":173,"column":2},"end":{"line":179,"column":null}},"type":"if","locations":[{"start":{"line":173,"column":2},"end":{"line":179,"column":null}},{"start":{},"end":{}}],"line":173},"25":{"loc":{"start":{"line":173,"column":6},"end":{"line":173,"column":54}},"type":"binary-expr","locations":[{"start":{"line":173,"column":6},"end":{"line":173,"column":28}},{"start":{"line":173,"column":32},"end":{"line":173,"column":54}}],"line":173},"26":{"loc":{"start":{"line":185,"column":2},"end":{"line":191,"column":null}},"type":"if","locations":[{"start":{"line":185,"column":2},"end":{"line":191,"column":null}},{"start":{},"end":{}}],"line":185},"27":{"loc":{"start":{"line":185,"column":6},"end":{"line":185,"column":84}},"type":"binary-expr","locations":[{"start":{"line":185,"column":6},"end":{"line":185,"column":43}},{"start":{"line":185,"column":47},"end":{"line":185,"column":84}}],"line":185},"28":{"loc":{"start":{"line":214,"column":2},"end":{"line":214,"column":17}},"type":"default-arg","locations":[{"start":{"line":214,"column":15},"end":{"line":214,"column":17}}],"line":214},"29":{"loc":{"start":{"line":215,"column":2},"end":{"line":215,"column":16}},"type":"default-arg","locations":[{"start":{"line":215,"column":12},"end":{"line":215,"column":16}}],"line":215},"30":{"loc":{"start":{"line":232,"column":50},"end":{"line":232,"column":65}},"type":"default-arg","locations":[{"start":{"line":232,"column":57},"end":{"line":232,"column":65}}],"line":232},"31":{"loc":{"start":{"line":233,"column":4},"end":{"line":239,"column":null}},"type":"if","locations":[{"start":{"line":233,"column":4},"end":{"line":239,"column":null}},{"start":{},"end":{}}],"line":233},"32":{"loc":{"start":{"line":241,"column":4},"end":{"line":247,"column":null}},"type":"if","locations":[{"start":{"line":241,"column":4},"end":{"line":247,"column":null}},{"start":{},"end":{}}],"line":241},"33":{"loc":{"start":{"line":249,"column":4},"end":{"line":255,"column":null}},"type":"if","locations":[{"start":{"line":249,"column":4},"end":{"line":255,"column":null}},{"start":{},"end":{}}],"line":249},"34":{"loc":{"start":{"line":249,"column":8},"end":{"line":249,"column":117}},"type":"binary-expr","locations":[{"start":{"line":249,"column":8},"end":{"line":249,"column":29}},{"start":{"line":249,"column":33},"end":{"line":249,"column":117}}],"line":249},"35":{"loc":{"start":{"line":257,"column":4},"end":{"line":266,"column":null}},"type":"if","locations":[{"start":{"line":257,"column":4},"end":{"line":266,"column":null}},{"start":{},"end":{}}],"line":257},"36":{"loc":{"start":{"line":259,"column":6},"end":{"line":265,"column":null}},"type":"if","locations":[{"start":{"line":259,"column":6},"end":{"line":265,"column":null}},{"start":{},"end":{}}],"line":259},"37":{"loc":{"start":{"line":271,"column":2},"end":{"line":456,"column":null}},"type":"switch","locations":[{"start":{"line":272,"column":4},"end":{"line":279,"column":null}},{"start":{"line":281,"column":4},"end":{"line":296,"column":null}},{"start":{"line":298,"column":4},"end":{"line":309,"column":null}},{"start":{"line":311,"column":4},"end":{"line":363,"column":null}},{"start":{"line":365,"column":4},"end":{"line":413,"column":null}},{"start":{"line":415,"column":4},"end":{"line":415,"column":null}},{"start":{"line":416,"column":4},"end":{"line":448,"column":null}},{"start":{"line":450,"column":4},"end":{"line":455,"column":null}}],"line":271},"38":{"loc":{"start":{"line":273,"column":21},"end":{"line":273,"column":50}},"type":"binary-expr","locations":[{"start":{"line":273,"column":21},"end":{"line":273,"column":31}},{"start":{"line":273,"column":35},"end":{"line":273,"column":50}}],"line":273},"39":{"loc":{"start":{"line":275,"column":6},"end":{"line":275,"column":null}},"type":"if","locations":[{"start":{"line":275,"column":6},"end":{"line":275,"column":null}},{"start":{},"end":{}}],"line":275},"40":{"loc":{"start":{"line":283,"column":6},"end":{"line":283,"column":null}},"type":"if","locations":[{"start":{"line":283,"column":6},"end":{"line":283,"column":null}},{"start":{},"end":{}}],"line":283},"41":{"loc":{"start":{"line":286,"column":6},"end":{"line":288,"column":null}},"type":"if","locations":[{"start":{"line":286,"column":6},"end":{"line":288,"column":null}},{"start":{},"end":{}}],"line":286},"42":{"loc":{"start":{"line":291,"column":6},"end":{"line":293,"column":null}},"type":"if","locations":[{"start":{"line":291,"column":6},"end":{"line":293,"column":null}},{"start":{},"end":{}}],"line":291},"43":{"loc":{"start":{"line":299,"column":21},"end":{"line":299,"column":45}},"type":"binary-expr","locations":[{"start":{"line":299,"column":21},"end":{"line":299,"column":31}},{"start":{"line":299,"column":35},"end":{"line":299,"column":45}}],"line":299},"44":{"loc":{"start":{"line":301,"column":6},"end":{"line":301,"column":null}},"type":"if","locations":[{"start":{"line":301,"column":6},"end":{"line":301,"column":null}},{"start":{},"end":{}}],"line":301},"45":{"loc":{"start":{"line":304,"column":6},"end":{"line":306,"column":null}},"type":"if","locations":[{"start":{"line":304,"column":6},"end":{"line":306,"column":null}},{"start":{},"end":{}}],"line":304},"46":{"loc":{"start":{"line":313,"column":6},"end":{"line":313,"column":null}},"type":"if","locations":[{"start":{"line":313,"column":6},"end":{"line":313,"column":null}},{"start":{},"end":{}}],"line":313},"47":{"loc":{"start":{"line":316,"column":6},"end":{"line":316,"column":null}},"type":"if","locations":[{"start":{"line":316,"column":6},"end":{"line":316,"column":null}},{"start":{},"end":{}}],"line":316},"48":{"loc":{"start":{"line":319,"column":6},"end":{"line":325,"column":null}},"type":"if","locations":[{"start":{"line":319,"column":6},"end":{"line":325,"column":null}},{"start":{},"end":{}}],"line":319},"49":{"loc":{"start":{"line":330,"column":6},"end":{"line":336,"column":null}},"type":"if","locations":[{"start":{"line":330,"column":6},"end":{"line":336,"column":null}},{"start":{},"end":{}}],"line":330},"50":{"loc":{"start":{"line":338,"column":6},"end":{"line":344,"column":null}},"type":"if","locations":[{"start":{"line":338,"column":6},"end":{"line":344,"column":null}},{"start":{},"end":{}}],"line":338},"51":{"loc":{"start":{"line":347,"column":6},"end":{"line":353,"column":null}},"type":"if","locations":[{"start":{"line":347,"column":6},"end":{"line":353,"column":null}},{"start":{},"end":{}}],"line":347},"52":{"loc":{"start":{"line":355,"column":6},"end":{"line":360,"column":null}},"type":"if","locations":[{"start":{"line":355,"column":6},"end":{"line":360,"column":null}},{"start":{},"end":{}}],"line":355},"53":{"loc":{"start":{"line":357,"column":8},"end":{"line":359,"column":null}},"type":"if","locations":[{"start":{"line":357,"column":8},"end":{"line":359,"column":null}},{"start":{},"end":{}}],"line":357},"54":{"loc":{"start":{"line":367,"column":6},"end":{"line":367,"column":null}},"type":"if","locations":[{"start":{"line":367,"column":6},"end":{"line":367,"column":null}},{"start":{},"end":{}}],"line":367},"55":{"loc":{"start":{"line":370,"column":6},"end":{"line":370,"column":null}},"type":"if","locations":[{"start":{"line":370,"column":6},"end":{"line":370,"column":null}},{"start":{},"end":{}}],"line":370},"56":{"loc":{"start":{"line":373,"column":6},"end":{"line":375,"column":null}},"type":"if","locations":[{"start":{"line":373,"column":6},"end":{"line":375,"column":null}},{"start":{},"end":{}}],"line":373},"57":{"loc":{"start":{"line":380,"column":6},"end":{"line":386,"column":null}},"type":"if","locations":[{"start":{"line":380,"column":6},"end":{"line":386,"column":null}},{"start":{},"end":{}}],"line":380},"58":{"loc":{"start":{"line":388,"column":6},"end":{"line":394,"column":null}},"type":"if","locations":[{"start":{"line":388,"column":6},"end":{"line":394,"column":null}},{"start":{},"end":{}}],"line":388},"59":{"loc":{"start":{"line":397,"column":6},"end":{"line":403,"column":null}},"type":"if","locations":[{"start":{"line":397,"column":6},"end":{"line":403,"column":null}},{"start":{},"end":{}}],"line":397},"60":{"loc":{"start":{"line":405,"column":6},"end":{"line":410,"column":null}},"type":"if","locations":[{"start":{"line":405,"column":6},"end":{"line":410,"column":null}},{"start":{},"end":{}}],"line":405},"61":{"loc":{"start":{"line":407,"column":8},"end":{"line":409,"column":null}},"type":"if","locations":[{"start":{"line":407,"column":8},"end":{"line":409,"column":null}},{"start":{},"end":{}}],"line":407},"62":{"loc":{"start":{"line":418,"column":21},"end":{"line":418,"column":50}},"type":"binary-expr","locations":[{"start":{"line":418,"column":21},"end":{"line":418,"column":31}},{"start":{"line":418,"column":35},"end":{"line":418,"column":50}}],"line":418},"63":{"loc":{"start":{"line":419,"column":6},"end":{"line":431,"column":null}},"type":"if","locations":[{"start":{"line":419,"column":6},"end":{"line":431,"column":null}},{"start":{},"end":{}}],"line":419},"64":{"loc":{"start":{"line":421,"column":8},"end":{"line":421,"column":null}},"type":"if","locations":[{"start":{"line":421,"column":8},"end":{"line":421,"column":null}},{"start":{},"end":{}}],"line":421},"65":{"loc":{"start":{"line":424,"column":8},"end":{"line":430,"column":null}},"type":"if","locations":[{"start":{"line":424,"column":8},"end":{"line":430,"column":null}},{"start":{},"end":{}}],"line":424},"66":{"loc":{"start":{"line":433,"column":6},"end":{"line":445,"column":null}},"type":"if","locations":[{"start":{"line":433,"column":6},"end":{"line":445,"column":null}},{"start":{},"end":{}}],"line":433},"67":{"loc":{"start":{"line":435,"column":8},"end":{"line":435,"column":null}},"type":"if","locations":[{"start":{"line":435,"column":8},"end":{"line":435,"column":null}},{"start":{},"end":{}}],"line":435},"68":{"loc":{"start":{"line":438,"column":8},"end":{"line":444,"column":null}},"type":"if","locations":[{"start":{"line":438,"column":8},"end":{"line":444,"column":null}},{"start":{},"end":{}}],"line":438},"69":{"loc":{"start":{"line":470,"column":4},"end":{"line":476,"column":null}},"type":"if","locations":[{"start":{"line":470,"column":4},"end":{"line":476,"column":null}},{"start":{},"end":{}}],"line":470}},"s":{"0":4,"1":4,"2":4,"3":4,"4":43,"5":43,"6":43,"7":43,"8":43,"9":43,"10":43,"11":43,"12":43,"13":43,"14":43,"15":43,"16":43,"17":55,"18":3,"19":52,"20":2,"21":50,"22":50,"23":50,"24":2,"25":48,"26":48,"27":48,"28":222,"29":222,"30":222,"31":1,"32":221,"33":221,"34":36,"35":36,"36":9,"37":0,"38":9,"39":9,"40":2,"41":7,"42":11,"43":0,"44":11,"45":11,"46":0,"47":11,"48":1,"49":10,"50":1,"51":9,"52":9,"53":9,"54":9,"55":4,"56":5,"57":43,"58":43,"59":43,"60":33,"61":5,"62":28,"63":198,"64":8,"65":20,"66":3,"67":17,"68":1,"69":1,"70":1,"71":16,"72":43,"73":0,"74":0,"75":0,"76":0,"77":0,"78":20,"79":20,"80":4,"81":16,"82":16,"83":7,"84":9,"85":9,"86":6,"87":3,"88":7,"89":7,"90":7,"91":1,"92":6,"93":6,"94":6,"95":0,"96":4,"97":4,"98":0,"99":4,"100":4,"101":1,"102":3,"103":0,"104":3,"105":3,"106":3,"107":0,"108":3,"109":2,"110":1,"111":9,"112":0,"113":1,"114":1,"115":1,"116":0,"117":1,"118":8,"119":0,"120":0,"121":8,"122":1,"123":1,"124":7,"125":7,"126":3,"127":4,"128":4,"129":4,"130":1,"131":3,"132":2,"133":1,"134":9,"135":0,"136":1,"137":1,"138":0,"139":0,"140":1,"141":1,"142":3,"143":3,"144":0,"145":0,"146":3,"147":1,"148":1,"149":1,"150":1,"151":0,"152":0,"153":1,"154":0,"155":0,"156":2,"157":1,"158":2,"159":2,"160":0,"161":0,"162":0,"163":0,"164":0,"165":0,"166":0,"167":2,"168":4},"f":{"0":43,"1":55,"2":222,"3":36,"4":9,"5":11,"6":43,"7":33,"8":198,"9":9,"10":9,"11":2},"b":{"0":[43],"1":[43,20],"2":[43,2,2],"3":[43,2,0],"4":[43,2],"5":[43,2],"6":[43,2,2],"7":[43,0],"8":[3,52],"9":[55,53],"10":[2,50],"11":[2,48],"12":[50,2,2],"13":[1,221],"14":[221,221,11],"15":[9],"16":[0,9],"17":[2,7],"18":[9,7],"19":[0,11],"20":[11,11],"21":[0,11],"22":[11,11],"23":[1,10],"24":[1,9],"25":[10,9],"26":[4,5],"27":[9,5],"28":[43],"29":[43],"30":[33],"31":[5,28],"32":[8,20],"33":[3,17],"34":[20,20],"35":[1,16],"36":[1,0],"37":[0,20,7,4,8,3,3,1],"38":[0,0],"39":[0,0],"40":[4,16],"41":[7,9],"42":[6,3],"43":[0,7],"44":[1,6],"45":[6,0],"46":[0,4],"47":[1,3],"48":[0,3],"49":[0,3],"50":[2,1],"51":[0,1],"52":[1,0],"53":[0,1],"54":[0,0],"55":[1,0],"56":[3,4],"57":[1,3],"58":[2,1],"59":[0,1],"60":[1,0],"61":[0,0],"62":[1,3],"63":[3,0],"64":[0,0],"65":[1,0],"66":[1,0],"67":[0,0],"68":[0,0],"69":[0,0]},"meta":{"lastBranch":70,"lastFunction":12,"lastStatement":169,"seen":{"s:1:13:1:28":0,"s:2:11:2:24":1,"s:7:31:11:2":2,"s:16:30:16:53":3,"f:23:9:23:27":0,"b:23:38:23:42":0,"s:24:14:24:36":4,"b:24:14:24:21:24:25:24:36":1,"s:26:21:26:66":5,"b:26:21:26:35:26:39:26:49:26:53:26:66":2,"s:27:22:27:73":6,"b:27:22:27:37:27:42:27:64:27:69:27:73":3,"s:28:23:28:74":7,"b:28:23:28:39:28:43:28:74":4,"s:29:26:29:91":8,"b:29:26:29:50:29:54:29:91":5,"s:30:22:30:93":9,"b:30:22:30:37:30:41:30:60:30:64:30:93":6,"s:31:22:31:73":10,"b:31:22:31:37:31:41:31:73":7,"s:33:19:33:52":11,"s:34:21:34:59":12,"s:35:21:35:72":13,"s:36:18:36:48":14,"s:37:22:37:56":15,"s:39:2:51:Infinity":16,"f:60:9:60:22":1,"b:61:2:67:Infinity:undefined:undefined:undefined:undefined":8,"s:61:2:67:Infinity":17,"b:61:6:61:35:61:39:61:56":9,"s:62:4:66:Infinity":18,"b:69:2:75:Infinity:undefined:undefined:undefined:undefined":10,"s:69:2:75:Infinity":19,"s:70:4:74:Infinity":20,"s:77:18:77:34":21,"s:79:23:79:51":22,"b:80:2:86:Infinity:undefined:undefined:undefined:undefined":11,"s:80:2:86:Infinity":23,"b:80:6:80:31:80:35:80:65:80:69:80:101":12,"s:81:4:85:Infinity":24,"s:88:19:88:40":25,"s:89:21:89:45":26,"s:91:2:94:Infinity":27,"f:104:9:104:26":2,"s:105:24:105:67":28,"s:106:21:106:61":29,"b:108:2:110:Infinity:undefined:undefined:undefined:undefined":13,"s:108:2:110:Infinity":30,"s:109:4:109:Infinity":31,"s:112:14:112:54":32,"s:113:2:113:Infinity":33,"b:113:9:113:19:113:23:113:44:113:48:113:69":14,"f:121:9:121:20":3,"s:122:17:122:43":34,"s:123:2:123:Infinity":35,"f:130:9:130:22":4,"b:130:34:130:36":15,"b:131:2:131:Infinity:undefined:undefined:undefined:undefined":16,"s:131:2:131:Infinity":36,"s:131:17:131:Infinity":37,"s:132:23:132:48":38,"b:133:2:135:Infinity:undefined:undefined:undefined:undefined":17,"s:133:2:135:Infinity":39,"b:133:6:133:23:133:27:133:63":18,"s:134:4:134:Infinity":40,"s:136:2:139:Infinity":41,"f:147:9:147:25":5,"b:148:2:154:Infinity:undefined:undefined:undefined:undefined":19,"s:148:2:154:Infinity":42,"b:148:6:148:34:148:38:148:54":20,"s:149:4:153:Infinity":43,"s:156:18:156:33":44,"b:157:2:163:Infinity:undefined:undefined:undefined:undefined":21,"s:157:2:163:Infinity":45,"b:157:6:157:21:157:25:157:41":22,"s:158:4:162:Infinity":46,"b:165:2:171:Infinity:undefined:undefined:undefined:undefined":23,"s:165:2:171:Infinity":47,"s:166:4:170:Infinity":48,"b:173:2:179:Infinity:undefined:undefined:undefined:undefined":24,"s:173:2:179:Infinity":49,"b:173:6:173:28:173:32:173:54":25,"s:174:4:178:Infinity":50,"s:181:23:181:46":51,"s:182:20:182:42":52,"s:183:20:183:42":53,"b:185:2:191:Infinity:undefined:undefined:undefined:undefined":26,"s:185:2:191:Infinity":54,"b:185:6:185:43:185:47:185:84":27,"s:186:4:190:Infinity":55,"s:193:2:193:Infinity":56,"f:208:9:208:27":6,"b:214:15:214:17":28,"b:215:12:215:16":29,"s:217:20:217:47":57,"s:219:31:229:19":58,"s:232:33:269:3":59,"f:232:33:232:34":7,"b:232:57:232:65":30,"b:233:4:239:Infinity:undefined:undefined:undefined:undefined":31,"s:233:4:239:Infinity":60,"s:234:6:238:Infinity":61,"b:241:4:247:Infinity:undefined:undefined:undefined:undefined":32,"s:241:4:247:Infinity":62,"f:241:34:241:35":8,"s:241:41:241:77":63,"s:242:6:246:Infinity":64,"b:249:4:255:Infinity:undefined:undefined:undefined:undefined":33,"s:249:4:255:Infinity":65,"b:249:8:249:29:249:33:249:117":34,"s:250:6:254:Infinity":66,"b:257:4:266:Infinity:undefined:undefined:undefined:undefined":35,"s:257:4:266:Infinity":67,"s:258:26:258:66":68,"b:259:6:265:Infinity:undefined:undefined:undefined:undefined":36,"s:259:6:265:Infinity":69,"s:260:8:264:Infinity":70,"s:268:4:268:Infinity":71,"b:272:4:279:Infinity:281:4:296:Infinity:298:4:309:Infinity:311:4:363:Infinity:365:4:413:Infinity:415:4:415:Infinity:416:4:448:Infinity:450:4:455:Infinity":37,"s:271:2:456:Infinity":72,"s:273:21:273:50":73,"b:273:21:273:31:273:35:273:50":38,"s:274:19:274:40":74,"b:275:6:275:Infinity:undefined:undefined:undefined:undefined":39,"s:275:6:275:Infinity":75,"s:275:23:275:Infinity":76,"s:278:6:278:Infinity":77,"s:282:22:282:47":78,"b:283:6:283:Infinity:undefined:undefined:undefined:undefined":40,"s:283:6:283:Infinity":79,"s:283:26:283:Infinity":80,"s:285:24:285:80":81,"b:286:6:288:Infinity:undefined:undefined:undefined:undefined":41,"s:286:6:288:Infinity":82,"s:287:8:287:Infinity":83,"s:290:24:290:49":84,"b:291:6:293:Infinity:undefined:undefined:undefined:undefined":42,"s:291:6:293:Infinity":85,"s:292:8:292:Infinity":86,"s:295:6:295:Infinity":87,"s:299:21:299:45":88,"b:299:21:299:31:299:35:299:45":43,"s:300:25:300:46":89,"b:301:6:301:Infinity:undefined:undefined:undefined:undefined":44,"s:301:6:301:Infinity":90,"s:301:29:301:Infinity":91,"s:303:24:303:83":92,"b:304:6:306:Infinity:undefined:undefined:undefined:undefined":45,"s:304:6:306:Infinity":93,"s:305:8:305:Infinity":94,"s:308:6:308:Infinity":95,"s:312:22:312:47":96,"b:313:6:313:Infinity:undefined:undefined:undefined:undefined":46,"s:313:6:313:Infinity":97,"s:313:26:313:Infinity":98,"s:315:23:315:53":99,"b:316:6:316:Infinity:undefined:undefined:undefined:undefined":47,"s:316:6:316:Infinity":100,"s:316:27:316:Infinity":101,"b:319:6:325:Infinity:undefined:undefined:undefined:undefined":48,"s:319:6:325:Infinity":102,"s:320:8:324:Infinity":103,"s:327:23:327:59":104,"s:328:24:328:61":105,"b:330:6:336:Infinity:undefined:undefined:undefined:undefined":49,"s:330:6:336:Infinity":106,"s:331:8:335:Infinity":107,"b:338:6:344:Infinity:undefined:undefined:undefined:undefined":50,"s:338:6:344:Infinity":108,"s:339:8:343:Infinity":109,"b:347:6:353:Infinity:undefined:undefined:undefined:undefined":51,"s:347:6:353:Infinity":110,"f:347:36:347:37":9,"s:347:43:347:88":111,"s:348:8:352:Infinity":112,"b:355:6:360:Infinity:undefined:undefined:undefined:undefined":52,"s:355:6:360:Infinity":113,"s:356:26:356:51":114,"b:357:8:359:Infinity:undefined:undefined:undefined:undefined":53,"s:357:8:359:Infinity":115,"s:358:10:358:Infinity":116,"s:362:6:362:Infinity":117,"s:366:22:366:47":118,"b:367:6:367:Infinity:undefined:undefined:undefined:undefined":54,"s:367:6:367:Infinity":119,"s:367:26:367:Infinity":120,"s:369:23:369:53":121,"b:370:6:370:Infinity:undefined:undefined:undefined:undefined":55,"s:370:6:370:Infinity":122,"s:370:27:370:Infinity":123,"s:372:22:372:78":124,"b:373:6:375:Infinity:undefined:undefined:undefined:undefined":56,"s:373:6:375:Infinity":125,"s:374:8:374:Infinity":126,"s:377:23:377:59":127,"s:378:24:378:61":128,"b:380:6:386:Infinity:undefined:undefined:undefined:undefined":57,"s:380:6:386:Infinity":129,"s:381:8:385:Infinity":130,"b:388:6:394:Infinity:undefined:undefined:undefined:undefined":58,"s:388:6:394:Infinity":131,"s:389:8:393:Infinity":132,"b:397:6:403:Infinity:undefined:undefined:undefined:undefined":59,"s:397:6:403:Infinity":133,"f:397:36:397:37":10,"s:397:43:397:88":134,"s:398:8:402:Infinity":135,"b:405:6:410:Infinity:undefined:undefined:undefined:undefined":60,"s:405:6:410:Infinity":136,"s:406:26:406:51":137,"b:407:8:409:Infinity:undefined:undefined:undefined:undefined":61,"s:407:8:409:Infinity":138,"s:408:10:408:Infinity":139,"s:412:6:412:Infinity":140,"s:418:21:418:50":141,"b:418:21:418:31:418:35:418:50":62,"b:419:6:431:Infinity:undefined:undefined:undefined:undefined":63,"s:419:6:431:Infinity":142,"s:420:27:420:48":143,"b:421:8:421:Infinity:undefined:undefined:undefined:undefined":64,"s:421:8:421:Infinity":144,"s:421:31:421:Infinity":145,"s:423:26:423:85":146,"b:424:8:430:Infinity:undefined:undefined:undefined:undefined":65,"s:424:8:430:Infinity":147,"s:425:10:429:Infinity":148,"b:433:6:445:Infinity:undefined:undefined:undefined:undefined":66,"s:433:6:445:Infinity":149,"s:434:24:434:49":150,"b:435:8:435:Infinity:undefined:undefined:undefined:undefined":67,"s:435:8:435:Infinity":151,"s:435:28:435:Infinity":152,"s:437:26:437:82":153,"b:438:8:444:Infinity:undefined:undefined:undefined:undefined":68,"s:438:8:444:Infinity":154,"s:439:10:443:Infinity":155,"s:447:6:447:Infinity":156,"s:451:6:455:Infinity":157,"f:464:15:464:36":11,"s:465:2:492:Infinity":158,"s:466:18:466:51":159,"s:467:18:467:40":160,"s:468:19:468:24":161,"b:470:4:476:Infinity:undefined:undefined:undefined:undefined":69,"s:470:4:476:Infinity":162,"s:471:6:475:Infinity":163,"s:472:8:472:Infinity":164,"s:479:23:479:49":165,"s:481:4:489:Infinity":166,"s:491:4:491:Infinity":167,"s:495:0:506:Infinity":168},"fnNames":{}}}
,"C:\\Users\\phall\\Documents\\CODE2026-7\\DirectoryDisplayApp\\DirectoryDisplayApp\\src\\copyValidation.js": {"path":"C:\\Users\\phall\\Documents\\CODE2026-7\\DirectoryDisplayApp\\DirectoryDisplayApp\\src\\copyValidation.js","statementMap":{"0":{"start":{"line":10,"column":2},"end":{"line":12,"column":null}},"1":{"start":{"line":11,"column":4},"end":{"line":11,"column":null}},"2":{"start":{"line":14,"column":21},"end":{"line":14,"column":85}},"3":{"start":{"line":15,"column":19},"end":{"line":15,"column":84}},"4":{"start":{"line":17,"column":2},"end":{"line":22,"column":null}},"5":{"start":{"line":18,"column":4},"end":{"line":21,"column":null}},"6":{"start":{"line":24,"column":2},"end":{"line":29,"column":null}},"7":{"start":{"line":25,"column":4},"end":{"line":28,"column":null}},"8":{"start":{"line":31,"column":2},"end":{"line":31,"column":null}},"9":{"start":{"line":43,"column":2},"end":{"line":43,"column":null}},"10":{"start":{"line":43,"column":21},"end":{"line":43,"column":null}},"11":{"start":{"line":45,"column":27},"end":{"line":47,"column":3}},"12":{"start":{"line":46,"column":43},"end":{"line":46,"column":66}},"13":{"start":{"line":49,"column":17},"end":{"line":49,"column":29}},"14":{"start":{"line":50,"column":12},"end":{"line":50,"column":14}},"15":{"start":{"line":52,"column":2},"end":{"line":56,"column":null}},"16":{"start":{"line":53,"column":18},"end":{"line":53,"column":45}},"17":{"start":{"line":54,"column":4},"end":{"line":54,"column":null}},"18":{"start":{"line":55,"column":4},"end":{"line":55,"column":null}},"19":{"start":{"line":59,"column":18},"end":{"line":59,"column":45}},"20":{"start":{"line":60,"column":2},"end":{"line":62,"column":null}},"21":{"start":{"line":61,"column":4},"end":{"line":61,"column":null}},"22":{"start":{"line":65,"column":16},"end":{"line":65,"column":17}},"23":{"start":{"line":66,"column":2},"end":{"line":72,"column":null}},"24":{"start":{"line":67,"column":4},"end":{"line":67,"column":null}},"25":{"start":{"line":68,"column":4},"end":{"line":70,"column":null}},"26":{"start":{"line":69,"column":6},"end":{"line":69,"column":null}},"27":{"start":{"line":71,"column":4},"end":{"line":71,"column":null}},"28":{"start":{"line":74,"column":2},"end":{"line":74,"column":null}}},"fnMap":{"0":{"name":"validateCopyTarget","decl":{"start":{"line":9,"column":16},"end":{"line":9,"column":34}},"loc":{"start":{"line":9,"column":70},"end":{"line":32,"column":null}},"line":9},"1":{"name":"generateAutoCopyName","decl":{"start":{"line":42,"column":16},"end":{"line":42,"column":36}},"loc":{"start":{"line":42,"column":103},"end":{"line":75,"column":null}},"line":42},"2":{"name":"(anonymous_2)","decl":{"start":{"line":46,"column":36},"end":{"line":46,"column":37}},"loc":{"start":{"line":46,"column":43},"end":{"line":46,"column":66}},"line":46}},"branchMap":{"0":{"loc":{"start":{"line":9,"column":35},"end":{"line":9,"column":50}},"type":"default-arg","locations":[{"start":{"line":9,"column":48},"end":{"line":9,"column":50}}],"line":9},"1":{"loc":{"start":{"line":9,"column":52},"end":{"line":9,"column":68}},"type":"default-arg","locations":[{"start":{"line":9,"column":66},"end":{"line":9,"column":68}}],"line":9},"2":{"loc":{"start":{"line":10,"column":2},"end":{"line":12,"column":null}},"type":"if","locations":[{"start":{"line":10,"column":2},"end":{"line":12,"column":null}},{"start":{},"end":{}}],"line":10},"3":{"loc":{"start":{"line":10,"column":6},"end":{"line":10,"column":33}},"type":"binary-expr","locations":[{"start":{"line":10,"column":6},"end":{"line":10,"column":17}},{"start":{"line":10,"column":21},"end":{"line":10,"column":33}}],"line":10},"4":{"loc":{"start":{"line":17,"column":2},"end":{"line":22,"column":null}},"type":"if","locations":[{"start":{"line":17,"column":2},"end":{"line":22,"column":null}},{"start":{},"end":{}}],"line":17},"5":{"loc":{"start":{"line":24,"column":2},"end":{"line":29,"column":null}},"type":"if","locations":[{"start":{"line":24,"column":2},"end":{"line":29,"column":null}},{"start":{},"end":{}}],"line":24},"6":{"loc":{"start":{"line":42,"column":37},"end":{"line":42,"column":54}},"type":"default-arg","locations":[{"start":{"line":42,"column":52},"end":{"line":42,"column":54}}],"line":42},"7":{"loc":{"start":{"line":42,"column":56},"end":{"line":42,"column":80}},"type":"default-arg","locations":[{"start":{"line":42,"column":78},"end":{"line":42,"column":80}}],"line":42},"8":{"loc":{"start":{"line":42,"column":82},"end":{"line":42,"column":101}},"type":"default-arg","locations":[{"start":{"line":42,"column":96},"end":{"line":42,"column":101}}],"line":42},"9":{"loc":{"start":{"line":43,"column":2},"end":{"line":43,"column":null}},"type":"if","locations":[{"start":{"line":43,"column":2},"end":{"line":43,"column":null}},{"start":{},"end":{}}],"line":43},"10":{"loc":{"start":{"line":46,"column":5},"end":{"line":46,"column":30}},"type":"binary-expr","locations":[{"start":{"line":46,"column":5},"end":{"line":46,"column":24}},{"start":{"line":46,"column":28},"end":{"line":46,"column":30}}],"line":46},"11":{"loc":{"start":{"line":46,"column":44},"end":{"line":46,"column":51}},"type":"binary-expr","locations":[{"start":{"line":46,"column":44},"end":{"line":46,"column":45}},{"start":{"line":46,"column":49},"end":{"line":46,"column":51}}],"line":46},"12":{"loc":{"start":{"line":52,"column":2},"end":{"line":56,"column":null}},"type":"if","locations":[{"start":{"line":52,"column":2},"end":{"line":56,"column":null}},{"start":{},"end":{}}],"line":52},"13":{"loc":{"start":{"line":54,"column":15},"end":{"line":54,"column":45}},"type":"binary-expr","locations":[{"start":{"line":54,"column":15},"end":{"line":54,"column":29}},{"start":{"line":54,"column":33},"end":{"line":54,"column":45}}],"line":54},"14":{"loc":{"start":{"line":55,"column":10},"end":{"line":55,"column":25}},"type":"binary-expr","locations":[{"start":{"line":55,"column":10},"end":{"line":55,"column":19}},{"start":{"line":55,"column":23},"end":{"line":55,"column":25}}],"line":55},"15":{"loc":{"start":{"line":60,"column":2},"end":{"line":62,"column":null}},"type":"if","locations":[{"start":{"line":60,"column":2},"end":{"line":62,"column":null}},{"start":{},"end":{}}],"line":60},"16":{"loc":{"start":{"line":68,"column":4},"end":{"line":70,"column":null}},"type":"if","locations":[{"start":{"line":68,"column":4},"end":{"line":70,"column":null}},{"start":{},"end":{}}],"line":68}},"s":{"0":3,"1":0,"2":3,"3":3,"4":3,"5":1,"6":2,"7":1,"8":1,"9":3,"10":0,"11":3,"12":9,"13":3,"14":3,"15":3,"16":2,"17":2,"18":2,"19":3,"20":3,"21":2,"22":1,"23":1,"24":1,"25":1,"26":1,"27":0,"28":0},"f":{"0":3,"1":3,"2":9},"b":{"0":[3],"1":[3],"2":[0,3],"3":[3,3],"4":[1,2],"5":[1,1],"6":[3],"7":[3],"8":[3],"9":[0,3],"10":[3,0],"11":[9,0],"12":[2,1],"13":[2,0],"14":[2,0],"15":[2,1],"16":[1,0]},"meta":{"lastBranch":17,"lastFunction":3,"lastStatement":29,"seen":{"f:9:16:9:34":0,"b:9:48:9:50":0,"b:9:66:9:68":1,"b:10:2:12:Infinity:undefined:undefined:undefined:undefined":2,"s:10:2:12:Infinity":0,"b:10:6:10:17:10:21:10:33":3,"s:11:4:11:Infinity":1,"s:14:21:14:85":2,"s:15:19:15:84":3,"b:17:2:22:Infinity:undefined:undefined:undefined:undefined":4,"s:17:2:22:Infinity":4,"s:18:4:21:Infinity":5,"b:24:2:29:Infinity:undefined:undefined:undefined:undefined":5,"s:24:2:29:Infinity":6,"s:25:4:28:Infinity":7,"s:31:2:31:Infinity":8,"f:42:16:42:36":1,"b:42:52:42:54":6,"b:42:78:42:80":7,"b:42:96:42:101":8,"b:43:2:43:Infinity:undefined:undefined:undefined:undefined":9,"s:43:2:43:Infinity":9,"s:43:21:43:Infinity":10,"s:45:27:47:3":11,"b:46:5:46:24:46:28:46:30":10,"f:46:36:46:37":2,"s:46:43:46:66":12,"b:46:44:46:45:46:49:46:51":11,"s:49:17:49:29":13,"s:50:12:50:14":14,"b:52:2:56:Infinity:undefined:undefined:undefined:undefined":12,"s:52:2:56:Infinity":15,"s:53:18:53:45":16,"s:54:4:54:Infinity":17,"b:54:15:54:29:54:33:54:45":13,"s:55:4:55:Infinity":18,"b:55:10:55:19:55:23:55:25":14,"s:59:18:59:45":19,"b:60:2:62:Infinity:undefined:undefined:undefined:undefined":15,"s:60:2:62:Infinity":20,"s:61:4:61:Infinity":21,"s:65:16:65:17":22,"s:66:2:72:Infinity":23,"s:67:4:67:Infinity":24,"b:68:4:70:Infinity:undefined:undefined:undefined:undefined":16,"s:68:4:70:Infinity":25,"s:69:6:69:Infinity":26,"s:71:4:71:Infinity":27,"s:74:2:74:Infinity":28},"fnNames":{}}}
,"C:\\Users\\phall\\Documents\\CODE2026-7\\DirectoryDisplayApp\\DirectoryDisplayApp\\src\\filePreview.js": {"path":"C:\\Users\\phall\\Documents\\CODE2026-7\\DirectoryDisplayApp\\DirectoryDisplayApp\\src\\filePreview.js","statementMap":{"0":{"start":{"line":1,"column":38},"end":{"line":1,"column":49}},"1":{"start":{"line":2,"column":43},"end":{"line":2,"column":59}},"2":{"start":{"line":3,"column":40},"end":{"line":3,"column":57}},"3":{"start":{"line":4,"column":38},"end":{"line":4,"column":54}},"4":{"start":{"line":6,"column":37},"end":{"line":42,"column":1}},"5":{"start":{"line":44,"column":29},"end":{"line":54,"column":2}},"6":{"start":{"line":56,"column":25},"end":{"line":68,"column":2}},"7":{"start":{"line":70,"column":25},"end":{"line":84,"column":2}},"8":{"start":{"line":86,"column":25},"end":{"line":97,"column":2}},"9":{"start":{"line":100,"column":2},"end":{"line":100,"column":null}},"10":{"start":{"line":100,"column":41},"end":{"line":100,"column":null}},"11":{"start":{"line":101,"column":19},"end":{"line":101,"column":40}},"12":{"start":{"line":102,"column":2},"end":{"line":102,"column":null}},"13":{"start":{"line":106,"column":14},"end":{"line":106,"column":40}},"14":{"start":{"line":107,"column":2},"end":{"line":107,"column":null}},"15":{"start":{"line":107,"column":21},"end":{"line":107,"column":null}},"16":{"start":{"line":108,"column":2},"end":{"line":112,"column":null}},"17":{"start":{"line":109,"column":4},"end":{"line":109,"column":null}},"18":{"start":{"line":109,"column":41},"end":{"line":109,"column":null}},"19":{"start":{"line":110,"column":4},"end":{"line":110,"column":null}},"20":{"start":{"line":110,"column":23},"end":{"line":110,"column":null}},"21":{"start":{"line":111,"column":4},"end":{"line":111,"column":null}},"22":{"start":{"line":113,"column":2},"end":{"line":117,"column":null}},"23":{"start":{"line":114,"column":4},"end":{"line":114,"column":null}},"24":{"start":{"line":114,"column":23},"end":{"line":114,"column":null}},"25":{"start":{"line":115,"column":4},"end":{"line":115,"column":null}},"26":{"start":{"line":115,"column":23},"end":{"line":115,"column":null}},"27":{"start":{"line":116,"column":4},"end":{"line":116,"column":null}},"28":{"start":{"line":118,"column":2},"end":{"line":123,"column":null}},"29":{"start":{"line":119,"column":4},"end":{"line":119,"column":null}},"30":{"start":{"line":119,"column":23},"end":{"line":119,"column":null}},"31":{"start":{"line":120,"column":4},"end":{"line":120,"column":null}},"32":{"start":{"line":120,"column":23},"end":{"line":120,"column":null}},"33":{"start":{"line":121,"column":4},"end":{"line":121,"column":null}},"34":{"start":{"line":121,"column":23},"end":{"line":121,"column":null}},"35":{"start":{"line":122,"column":4},"end":{"line":122,"column":null}},"36":{"start":{"line":124,"column":2},"end":{"line":124,"column":null}},"37":{"start":{"line":124,"column":22},"end":{"line":124,"column":null}},"38":{"start":{"line":125,"column":2},"end":{"line":125,"column":null}},"39":{"start":{"line":125,"column":21},"end":{"line":125,"column":null}},"40":{"start":{"line":126,"column":2},"end":{"line":126,"column":null}},"41":{"start":{"line":126,"column":88},"end":{"line":126,"column":null}},"42":{"start":{"line":127,"column":2},"end":{"line":127,"column":null}},"43":{"start":{"line":131,"column":2},"end":{"line":131,"column":null}},"44":{"start":{"line":131,"column":13},"end":{"line":131,"column":null}},"45":{"start":{"line":132,"column":20},"end":{"line":132,"column":47}},"46":{"start":{"line":133,"column":2},"end":{"line":133,"column":null}},"47":{"start":{"line":137,"column":2},"end":{"line":137,"column":null}},"48":{"start":{"line":137,"column":13},"end":{"line":137,"column":null}},"49":{"start":{"line":138,"column":20},"end":{"line":138,"column":47}},"50":{"start":{"line":139,"column":2},"end":{"line":139,"column":null}},"51":{"start":{"line":143,"column":2},"end":{"line":143,"column":null}},"52":{"start":{"line":143,"column":13},"end":{"line":143,"column":null}},"53":{"start":{"line":144,"column":20},"end":{"line":144,"column":47}},"54":{"start":{"line":145,"column":2},"end":{"line":145,"column":null}},"55":{"start":{"line":149,"column":2},"end":{"line":149,"column":null}},"56":{"start":{"line":149,"column":13},"end":{"line":149,"column":null}},"57":{"start":{"line":150,"column":2},"end":{"line":150,"column":null}},"58":{"start":{"line":154,"column":2},"end":{"line":154,"column":null}},"59":{"start":{"line":154,"column":13},"end":{"line":154,"column":null}},"60":{"start":{"line":155,"column":20},"end":{"line":155,"column":47}},"61":{"start":{"line":156,"column":2},"end":{"line":158,"column":null}},"62":{"start":{"line":162,"column":2},"end":{"line":162,"column":null}},"63":{"start":{"line":166,"column":2},"end":{"line":166,"column":null}},"64":{"start":{"line":166,"column":13},"end":{"line":166,"column":null}},"65":{"start":{"line":167,"column":20},"end":{"line":167,"column":47}},"66":{"start":{"line":168,"column":2},"end":{"line":170,"column":null}},"67":{"start":{"line":174,"column":2},"end":{"line":174,"column":null}},"68":{"start":{"line":174,"column":23},"end":{"line":174,"column":null}},"69":{"start":{"line":175,"column":15},"end":{"line":175,"column":40}},"70":{"start":{"line":176,"column":2},"end":{"line":176,"column":null}},"71":{"start":{"line":176,"column":62},"end":{"line":176,"column":null}},"72":{"start":{"line":178,"column":20},"end":{"line":180,"column":83}},"73":{"start":{"line":182,"column":2},"end":{"line":189,"column":null}},"74":{"start":{"line":183,"column":4},"end":{"line":188,"column":null}},"75":{"start":{"line":191,"column":2},"end":{"line":216,"column":null}},"76":{"start":{"line":192,"column":4},"end":{"line":212,"column":null}},"77":{"start":{"line":193,"column":18},"end":{"line":193,"column":62}},"78":{"start":{"line":194,"column":6},"end":{"line":196,"column":null}},"79":{"start":{"line":195,"column":8},"end":{"line":195,"column":null}},"80":{"start":{"line":197,"column":19},"end":{"line":197,"column":55}},"81":{"start":{"line":198,"column":6},"end":{"line":203,"column":null}},"82":{"start":{"line":204,"column":11},"end":{"line":212,"column":null}},"83":{"start":{"line":205,"column":22},"end":{"line":205,"column":82}},"84":{"start":{"line":206,"column":6},"end":{"line":211,"column":null}},"85":{"start":{"line":214,"column":4},"end":{"line":214,"column":null}},"86":{"start":{"line":215,"column":4},"end":{"line":215,"column":null}},"87":{"start":{"line":217,"column":2},"end":{"line":217,"column":null}},"88":{"start":{"line":221,"column":2},"end":{"line":221,"column":null}},"89":{"start":{"line":221,"column":17},"end":{"line":221,"column":null}},"90":{"start":{"line":222,"column":15},"end":{"line":222,"column":34}},"91":{"start":{"line":223,"column":15},"end":{"line":225,"column":71}},"92":{"start":{"line":226,"column":14},"end":{"line":226,"column":36}},"93":{"start":{"line":228,"column":2},"end":{"line":236,"column":null}},"94":{"start":{"line":229,"column":4},"end":{"line":231,"column":null}},"95":{"start":{"line":230,"column":6},"end":{"line":230,"column":null}},"96":{"start":{"line":232,"column":4},"end":{"line":234,"column":null}},"97":{"start":{"line":233,"column":6},"end":{"line":233,"column":null}},"98":{"start":{"line":235,"column":4},"end":{"line":235,"column":null}},"99":{"start":{"line":238,"column":2},"end":{"line":240,"column":null}},"100":{"start":{"line":239,"column":4},"end":{"line":239,"column":null}},"101":{"start":{"line":242,"column":2},"end":{"line":244,"column":null}},"102":{"start":{"line":243,"column":4},"end":{"line":243,"column":null}},"103":{"start":{"line":246,"column":2},"end":{"line":248,"column":null}},"104":{"start":{"line":247,"column":4},"end":{"line":247,"column":null}},"105":{"start":{"line":250,"column":2},"end":{"line":290,"column":null}},"106":{"start":{"line":251,"column":4},"end":{"line":253,"column":null}},"107":{"start":{"line":252,"column":6},"end":{"line":252,"column":null}},"108":{"start":{"line":255,"column":4},"end":{"line":257,"column":null}},"109":{"start":{"line":256,"column":6},"end":{"line":256,"column":null}},"110":{"start":{"line":259,"column":4},"end":{"line":289,"column":null}},"111":{"start":{"line":260,"column":24},"end":{"line":260,"column":28}},"112":{"start":{"line":261,"column":6},"end":{"line":274,"column":null}},"113":{"start":{"line":262,"column":20},"end":{"line":262,"column":64}},"114":{"start":{"line":263,"column":8},"end":{"line":269,"column":null}},"115":{"start":{"line":264,"column":10},"end":{"line":264,"column":null}},"116":{"start":{"line":265,"column":15},"end":{"line":269,"column":null}},"117":{"start":{"line":266,"column":10},"end":{"line":266,"column":null}},"118":{"start":{"line":268,"column":10},"end":{"line":268,"column":null}},"119":{"start":{"line":270,"column":13},"end":{"line":274,"column":null}},"120":{"start":{"line":271,"column":8},"end":{"line":271,"column":null}},"121":{"start":{"line":272,"column":13},"end":{"line":274,"column":null}},"122":{"start":{"line":273,"column":8},"end":{"line":273,"column":null}},"123":{"start":{"line":276,"column":6},"end":{"line":276,"column":null}},"124":{"start":{"line":276,"column":24},"end":{"line":276,"column":null}},"125":{"start":{"line":278,"column":20},"end":{"line":278,"column":47}},"126":{"start":{"line":279,"column":6},"end":{"line":281,"column":null}},"127":{"start":{"line":280,"column":8},"end":{"line":280,"column":null}},"128":{"start":{"line":282,"column":6},"end":{"line":286,"column":null}},"129":{"start":{"line":288,"column":6},"end":{"line":288,"column":null}},"130":{"start":{"line":292,"column":2},"end":{"line":304,"column":null}},"131":{"start":{"line":293,"column":4},"end":{"line":298,"column":null}},"132":{"start":{"line":294,"column":6},"end":{"line":297,"column":null}},"133":{"start":{"line":299,"column":24},"end":{"line":299,"column":80}},"134":{"start":{"line":300,"column":4},"end":{"line":302,"column":null}},"135":{"start":{"line":301,"column":6},"end":{"line":301,"column":null}},"136":{"start":{"line":303,"column":4},"end":{"line":303,"column":null}},"137":{"start":{"line":306,"column":2},"end":{"line":306,"column":null}}},"fnMap":{"0":{"name":"getFileExtension","decl":{"start":{"line":99,"column":16},"end":{"line":99,"column":32}},"loc":{"start":{"line":99,"column":39},"end":{"line":103,"column":null}},"line":99},"1":{"name":"getMimeType","decl":{"start":{"line":105,"column":16},"end":{"line":105,"column":27}},"loc":{"start":{"line":105,"column":38},"end":{"line":128,"column":null}},"line":105},"2":{"name":"isImageFile","decl":{"start":{"line":130,"column":16},"end":{"line":130,"column":27}},"loc":{"start":{"line":130,"column":34},"end":{"line":134,"column":null}},"line":130},"3":{"name":"isAudioFile","decl":{"start":{"line":136,"column":16},"end":{"line":136,"column":27}},"loc":{"start":{"line":136,"column":34},"end":{"line":140,"column":null}},"line":136},"4":{"name":"isVideoFile","decl":{"start":{"line":142,"column":16},"end":{"line":142,"column":27}},"loc":{"start":{"line":142,"column":34},"end":{"line":146,"column":null}},"line":142},"5":{"name":"isPdfFile","decl":{"start":{"line":148,"column":16},"end":{"line":148,"column":25}},"loc":{"start":{"line":148,"column":32},"end":{"line":151,"column":null}},"line":148},"6":{"name":"isWordFile","decl":{"start":{"line":153,"column":16},"end":{"line":153,"column":26}},"loc":{"start":{"line":153,"column":33},"end":{"line":159,"column":null}},"line":153},"7":{"name":"getSyntaxLanguage","decl":{"start":{"line":161,"column":16},"end":{"line":161,"column":33}},"loc":{"start":{"line":161,"column":40},"end":{"line":163,"column":null}},"line":161},"8":{"name":"isTextFile","decl":{"start":{"line":165,"column":16},"end":{"line":165,"column":26}},"loc":{"start":{"line":165,"column":33},"end":{"line":171,"column":null}},"line":165},"9":{"name":"readTextPreview","decl":{"start":{"line":173,"column":22},"end":{"line":173,"column":37}},"loc":{"start":{"line":173,"column":73},"end":{"line":218,"column":null}},"line":173},"10":{"name":"readFilePreview","decl":{"start":{"line":220,"column":22},"end":{"line":220,"column":37}},"loc":{"start":{"line":220,"column":63},"end":{"line":307,"column":null}},"line":220}},"branchMap":{"0":{"loc":{"start":{"line":100,"column":2},"end":{"line":100,"column":null}},"type":"if","locations":[{"start":{"line":100,"column":2},"end":{"line":100,"column":null}},{"start":{},"end":{}}],"line":100},"1":{"loc":{"start":{"line":100,"column":6},"end":{"line":100,"column":39}},"type":"binary-expr","locations":[{"start":{"line":100,"column":6},"end":{"line":100,"column":11}},{"start":{"line":100,"column":15},"end":{"line":100,"column":39}}],"line":100},"2":{"loc":{"start":{"line":102,"column":9},"end":{"line":102,"column":68}},"type":"cond-expr","locations":[{"start":{"line":102,"column":25},"end":{"line":102,"column":63}},{"start":{"line":102,"column":66},"end":{"line":102,"column":68}}],"line":102},"3":{"loc":{"start":{"line":107,"column":2},"end":{"line":107,"column":null}},"type":"if","locations":[{"start":{"line":107,"column":2},"end":{"line":107,"column":null}},{"start":{},"end":{}}],"line":107},"4":{"loc":{"start":{"line":108,"column":2},"end":{"line":112,"column":null}},"type":"if","locations":[{"start":{"line":108,"column":2},"end":{"line":112,"column":null}},{"start":{},"end":{}}],"line":108},"5":{"loc":{"start":{"line":109,"column":4},"end":{"line":109,"column":null}},"type":"if","locations":[{"start":{"line":109,"column":4},"end":{"line":109,"column":null}},{"start":{},"end":{}}],"line":109},"6":{"loc":{"start":{"line":109,"column":8},"end":{"line":109,"column":39}},"type":"binary-expr","locations":[{"start":{"line":109,"column":8},"end":{"line":109,"column":21}},{"start":{"line":109,"column":25},"end":{"line":109,"column":39}}],"line":109},"7":{"loc":{"start":{"line":110,"column":4},"end":{"line":110,"column":null}},"type":"if","locations":[{"start":{"line":110,"column":4},"end":{"line":110,"column":null}},{"start":{},"end":{}}],"line":110},"8":{"loc":{"start":{"line":113,"column":2},"end":{"line":117,"column":null}},"type":"if","locations":[{"start":{"line":113,"column":2},"end":{"line":117,"column":null}},{"start":{},"end":{}}],"line":113},"9":{"loc":{"start":{"line":114,"column":4},"end":{"line":114,"column":null}},"type":"if","locations":[{"start":{"line":114,"column":4},"end":{"line":114,"column":null}},{"start":{},"end":{}}],"line":114},"10":{"loc":{"start":{"line":115,"column":4},"end":{"line":115,"column":null}},"type":"if","locations":[{"start":{"line":115,"column":4},"end":{"line":115,"column":null}},{"start":{},"end":{}}],"line":115},"11":{"loc":{"start":{"line":118,"column":2},"end":{"line":123,"column":null}},"type":"if","locations":[{"start":{"line":118,"column":2},"end":{"line":123,"column":null}},{"start":{},"end":{}}],"line":118},"12":{"loc":{"start":{"line":119,"column":4},"end":{"line":119,"column":null}},"type":"if","locations":[{"start":{"line":119,"column":4},"end":{"line":119,"column":null}},{"start":{},"end":{}}],"line":119},"13":{"loc":{"start":{"line":120,"column":4},"end":{"line":120,"column":null}},"type":"if","locations":[{"start":{"line":120,"column":4},"end":{"line":120,"column":null}},{"start":{},"end":{}}],"line":120},"14":{"loc":{"start":{"line":121,"column":4},"end":{"line":121,"column":null}},"type":"if","locations":[{"start":{"line":121,"column":4},"end":{"line":121,"column":null}},{"start":{},"end":{}}],"line":121},"15":{"loc":{"start":{"line":124,"column":2},"end":{"line":124,"column":null}},"type":"if","locations":[{"start":{"line":124,"column":2},"end":{"line":124,"column":null}},{"start":{},"end":{}}],"line":124},"16":{"loc":{"start":{"line":125,"column":2},"end":{"line":125,"column":null}},"type":"if","locations":[{"start":{"line":125,"column":2},"end":{"line":125,"column":null}},{"start":{},"end":{}}],"line":125},"17":{"loc":{"start":{"line":126,"column":2},"end":{"line":126,"column":null}},"type":"if","locations":[{"start":{"line":126,"column":2},"end":{"line":126,"column":null}},{"start":{},"end":{}}],"line":126},"18":{"loc":{"start":{"line":126,"column":6},"end":{"line":126,"column":86}},"type":"binary-expr","locations":[{"start":{"line":126,"column":6},"end":{"line":126,"column":35}},{"start":{"line":126,"column":39},"end":{"line":126,"column":86}}],"line":126},"19":{"loc":{"start":{"line":131,"column":2},"end":{"line":131,"column":null}},"type":"if","locations":[{"start":{"line":131,"column":2},"end":{"line":131,"column":null}},{"start":{},"end":{}}],"line":131},"20":{"loc":{"start":{"line":133,"column":9},"end":{"line":133,"column":89}},"type":"binary-expr","locations":[{"start":{"line":133,"column":10},"end":{"line":133,"column":19}},{"start":{"line":133,"column":23},"end":{"line":133,"column":53}},{"start":{"line":133,"column":58},"end":{"line":133,"column":89}}],"line":133},"21":{"loc":{"start":{"line":137,"column":2},"end":{"line":137,"column":null}},"type":"if","locations":[{"start":{"line":137,"column":2},"end":{"line":137,"column":null}},{"start":{},"end":{}}],"line":137},"22":{"loc":{"start":{"line":139,"column":9},"end":{"line":139,"column":89}},"type":"binary-expr","locations":[{"start":{"line":139,"column":10},"end":{"line":139,"column":19}},{"start":{"line":139,"column":23},"end":{"line":139,"column":53}},{"start":{"line":139,"column":58},"end":{"line":139,"column":89}}],"line":139},"23":{"loc":{"start":{"line":143,"column":2},"end":{"line":143,"column":null}},"type":"if","locations":[{"start":{"line":143,"column":2},"end":{"line":143,"column":null}},{"start":{},"end":{}}],"line":143},"24":{"loc":{"start":{"line":145,"column":9},"end":{"line":145,"column":89}},"type":"binary-expr","locations":[{"start":{"line":145,"column":10},"end":{"line":145,"column":19}},{"start":{"line":145,"column":23},"end":{"line":145,"column":53}},{"start":{"line":145,"column":58},"end":{"line":145,"column":89}}],"line":145},"25":{"loc":{"start":{"line":149,"column":2},"end":{"line":149,"column":null}},"type":"if","locations":[{"start":{"line":149,"column":2},"end":{"line":149,"column":null}},{"start":{},"end":{}}],"line":149},"26":{"loc":{"start":{"line":150,"column":9},"end":{"line":150,"column":81}},"type":"binary-expr","locations":[{"start":{"line":150,"column":9},"end":{"line":150,"column":40}},{"start":{"line":150,"column":44},"end":{"line":150,"column":81}}],"line":150},"27":{"loc":{"start":{"line":154,"column":2},"end":{"line":154,"column":null}},"type":"if","locations":[{"start":{"line":154,"column":2},"end":{"line":154,"column":null}},{"start":{},"end":{}}],"line":154},"28":{"loc":{"start":{"line":156,"column":9},"end":{"line":158,"column":94}},"type":"binary-expr","locations":[{"start":{"line":156,"column":9},"end":{"line":156,"column":28}},{"start":{"line":156,"column":32},"end":{"line":156,"column":null}},{"start":{"line":157,"column":7},"end":{"line":157,"column":null}},{"start":{"line":158,"column":7},"end":{"line":158,"column":94}}],"line":156},"29":{"loc":{"start":{"line":162,"column":9},"end":{"line":162,"column":69}},"type":"binary-expr","locations":[{"start":{"line":162,"column":9},"end":{"line":162,"column":61}},{"start":{"line":162,"column":65},"end":{"line":162,"column":69}}],"line":162},"30":{"loc":{"start":{"line":166,"column":2},"end":{"line":166,"column":null}},"type":"if","locations":[{"start":{"line":166,"column":2},"end":{"line":166,"column":null}},{"start":{},"end":{}}],"line":166},"31":{"loc":{"start":{"line":168,"column":9},"end":{"line":170,"column":42}},"type":"binary-expr","locations":[{"start":{"line":168,"column":10},"end":{"line":168,"column":19}},{"start":{"line":168,"column":23},"end":{"line":168,"column":52}},{"start":{"line":169,"column":7},"end":{"line":169,"column":null}},{"start":{"line":170,"column":7},"end":{"line":170,"column":42}}],"line":168},"32":{"loc":{"start":{"line":174,"column":2},"end":{"line":174,"column":null}},"type":"if","locations":[{"start":{"line":174,"column":2},"end":{"line":174,"column":null}},{"start":{},"end":{}}],"line":174},"33":{"loc":{"start":{"line":175,"column":15},"end":{"line":175,"column":40}},"type":"binary-expr","locations":[{"start":{"line":175,"column":15},"end":{"line":175,"column":34}},{"start":{"line":175,"column":38},"end":{"line":175,"column":40}}],"line":175},"34":{"loc":{"start":{"line":176,"column":2},"end":{"line":176,"column":null}},"type":"if","locations":[{"start":{"line":176,"column":2},"end":{"line":176,"column":null}},{"start":{},"end":{}}],"line":176},"35":{"loc":{"start":{"line":176,"column":32},"end":{"line":176,"column":57}},"type":"binary-expr","locations":[{"start":{"line":176,"column":32},"end":{"line":176,"column":51}},{"start":{"line":176,"column":55},"end":{"line":176,"column":57}}],"line":176},"36":{"loc":{"start":{"line":178,"column":20},"end":{"line":180,"column":83}},"type":"cond-expr","locations":[{"start":{"line":179,"column":6},"end":{"line":179,"column":null}},{"start":{"line":180,"column":7},"end":{"line":180,"column":82}}],"line":178},"37":{"loc":{"start":{"line":180,"column":7},"end":{"line":180,"column":82}},"type":"cond-expr","locations":[{"start":{"line":180,"column":54},"end":{"line":180,"column":78}},{"start":{"line":180,"column":81},"end":{"line":180,"column":82}}],"line":180},"38":{"loc":{"start":{"line":182,"column":2},"end":{"line":189,"column":null}},"type":"if","locations":[{"start":{"line":182,"column":2},"end":{"line":189,"column":null}},{"start":{},"end":{}}],"line":182},"39":{"loc":{"start":{"line":192,"column":4},"end":{"line":212,"column":null}},"type":"if","locations":[{"start":{"line":192,"column":4},"end":{"line":212,"column":null}},{"start":{"line":204,"column":11},"end":{"line":212,"column":null}}],"line":192},"40":{"loc":{"start":{"line":194,"column":6},"end":{"line":196,"column":null}},"type":"if","locations":[{"start":{"line":194,"column":6},"end":{"line":196,"column":null}},{"start":{},"end":{}}],"line":194},"41":{"loc":{"start":{"line":194,"column":10},"end":{"line":194,"column":30}},"type":"binary-expr","locations":[{"start":{"line":194,"column":10},"end":{"line":194,"column":14}},{"start":{"line":194,"column":18},"end":{"line":194,"column":30}}],"line":194},"42":{"loc":{"start":{"line":204,"column":11},"end":{"line":212,"column":null}},"type":"if","locations":[{"start":{"line":204,"column":11},"end":{"line":212,"column":null}},{"start":{},"end":{}}],"line":204},"43":{"loc":{"start":{"line":220,"column":48},"end":{"line":220,"column":61}},"type":"default-arg","locations":[{"start":{"line":220,"column":59},"end":{"line":220,"column":61}}],"line":220},"44":{"loc":{"start":{"line":221,"column":2},"end":{"line":221,"column":null}},"type":"if","locations":[{"start":{"line":221,"column":2},"end":{"line":221,"column":null}},{"start":{},"end":{}}],"line":221},"45":{"loc":{"start":{"line":222,"column":15},"end":{"line":222,"column":34}},"type":"binary-expr","locations":[{"start":{"line":222,"column":15},"end":{"line":222,"column":28}},{"start":{"line":222,"column":32},"end":{"line":222,"column":34}}],"line":222},"46":{"loc":{"start":{"line":223,"column":15},"end":{"line":225,"column":71}},"type":"cond-expr","locations":[{"start":{"line":224,"column":6},"end":{"line":224,"column":null}},{"start":{"line":225,"column":7},"end":{"line":225,"column":70}}],"line":223},"47":{"loc":{"start":{"line":225,"column":7},"end":{"line":225,"column":70}},"type":"cond-expr","locations":[{"start":{"line":225,"column":48},"end":{"line":225,"column":66}},{"start":{"line":225,"column":69},"end":{"line":225,"column":70}}],"line":225},"48":{"loc":{"start":{"line":228,"column":2},"end":{"line":236,"column":null}},"type":"if","locations":[{"start":{"line":228,"column":2},"end":{"line":236,"column":null}},{"start":{},"end":{}}],"line":228},"49":{"loc":{"start":{"line":228,"column":32},"end":{"line":228,"column":51}},"type":"binary-expr","locations":[{"start":{"line":228,"column":32},"end":{"line":228,"column":45}},{"start":{"line":228,"column":49},"end":{"line":228,"column":51}}],"line":228},"50":{"loc":{"start":{"line":229,"column":4},"end":{"line":231,"column":null}},"type":"if","locations":[{"start":{"line":229,"column":4},"end":{"line":231,"column":null}},{"start":{},"end":{}}],"line":229},"51":{"loc":{"start":{"line":232,"column":4},"end":{"line":234,"column":null}},"type":"if","locations":[{"start":{"line":232,"column":4},"end":{"line":234,"column":null}},{"start":{},"end":{}}],"line":232},"52":{"loc":{"start":{"line":238,"column":2},"end":{"line":240,"column":null}},"type":"if","locations":[{"start":{"line":238,"column":2},"end":{"line":240,"column":null}},{"start":{},"end":{}}],"line":238},"53":{"loc":{"start":{"line":238,"column":32},"end":{"line":238,"column":51}},"type":"binary-expr","locations":[{"start":{"line":238,"column":32},"end":{"line":238,"column":45}},{"start":{"line":238,"column":49},"end":{"line":238,"column":51}}],"line":238},"54":{"loc":{"start":{"line":242,"column":2},"end":{"line":244,"column":null}},"type":"if","locations":[{"start":{"line":242,"column":2},"end":{"line":244,"column":null}},{"start":{},"end":{}}],"line":242},"55":{"loc":{"start":{"line":242,"column":32},"end":{"line":242,"column":51}},"type":"binary-expr","locations":[{"start":{"line":242,"column":32},"end":{"line":242,"column":45}},{"start":{"line":242,"column":49},"end":{"line":242,"column":51}}],"line":242},"56":{"loc":{"start":{"line":246,"column":2},"end":{"line":248,"column":null}},"type":"if","locations":[{"start":{"line":246,"column":2},"end":{"line":248,"column":null}},{"start":{},"end":{}}],"line":246},"57":{"loc":{"start":{"line":246,"column":30},"end":{"line":246,"column":49}},"type":"binary-expr","locations":[{"start":{"line":246,"column":30},"end":{"line":246,"column":43}},{"start":{"line":246,"column":47},"end":{"line":246,"column":49}}],"line":246},"58":{"loc":{"start":{"line":250,"column":2},"end":{"line":290,"column":null}},"type":"if","locations":[{"start":{"line":250,"column":2},"end":{"line":290,"column":null}},{"start":{},"end":{}}],"line":250},"59":{"loc":{"start":{"line":250,"column":31},"end":{"line":250,"column":50}},"type":"binary-expr","locations":[{"start":{"line":250,"column":31},"end":{"line":250,"column":44}},{"start":{"line":250,"column":48},"end":{"line":250,"column":50}}],"line":250},"60":{"loc":{"start":{"line":251,"column":4},"end":{"line":253,"column":null}},"type":"if","locations":[{"start":{"line":251,"column":4},"end":{"line":253,"column":null}},{"start":{},"end":{}}],"line":251},"61":{"loc":{"start":{"line":251,"column":8},"end":{"line":251,"column":117}},"type":"binary-expr","locations":[{"start":{"line":251,"column":8},"end":{"line":251,"column":22}},{"start":{"line":251,"column":26},"end":{"line":251,"column":117}}],"line":251},"62":{"loc":{"start":{"line":255,"column":4},"end":{"line":257,"column":null}},"type":"if","locations":[{"start":{"line":255,"column":4},"end":{"line":257,"column":null}},{"start":{},"end":{}}],"line":255},"63":{"loc":{"start":{"line":261,"column":6},"end":{"line":274,"column":null}},"type":"if","locations":[{"start":{"line":261,"column":6},"end":{"line":274,"column":null}},{"start":{"line":270,"column":13},"end":{"line":274,"column":null}}],"line":261},"64":{"loc":{"start":{"line":263,"column":8},"end":{"line":269,"column":null}},"type":"if","locations":[{"start":{"line":263,"column":8},"end":{"line":269,"column":null}},{"start":{"line":265,"column":15},"end":{"line":269,"column":null}}],"line":263},"65":{"loc":{"start":{"line":263,"column":12},"end":{"line":263,"column":44}},"type":"binary-expr","locations":[{"start":{"line":263,"column":12},"end":{"line":263,"column":15}},{"start":{"line":263,"column":19},"end":{"line":263,"column":30}},{"start":{"line":263,"column":34},"end":{"line":263,"column":44}}],"line":263},"66":{"loc":{"start":{"line":265,"column":15},"end":{"line":269,"column":null}},"type":"if","locations":[{"start":{"line":265,"column":15},"end":{"line":269,"column":null}},{"start":{"line":267,"column":15},"end":{"line":269,"column":null}}],"line":265},"67":{"loc":{"start":{"line":265,"column":19},"end":{"line":265,"column":55}},"type":"binary-expr","locations":[{"start":{"line":265,"column":19},"end":{"line":265,"column":22}},{"start":{"line":265,"column":26},"end":{"line":265,"column":55}}],"line":265},"68":{"loc":{"start":{"line":270,"column":13},"end":{"line":274,"column":null}},"type":"if","locations":[{"start":{"line":270,"column":13},"end":{"line":274,"column":null}},{"start":{"line":272,"column":13},"end":{"line":274,"column":null}}],"line":270},"69":{"loc":{"start":{"line":272,"column":13},"end":{"line":274,"column":null}},"type":"if","locations":[{"start":{"line":272,"column":13},"end":{"line":274,"column":null}},{"start":{},"end":{}}],"line":272},"70":{"loc":{"start":{"line":276,"column":6},"end":{"line":276,"column":null}},"type":"if","locations":[{"start":{"line":276,"column":6},"end":{"line":276,"column":null}},{"start":{},"end":{}}],"line":276},"71":{"loc":{"start":{"line":279,"column":6},"end":{"line":281,"column":null}},"type":"if","locations":[{"start":{"line":279,"column":6},"end":{"line":281,"column":null}},{"start":{},"end":{}}],"line":279},"72":{"loc":{"start":{"line":279,"column":10},"end":{"line":279,"column":68}},"type":"binary-expr","locations":[{"start":{"line":279,"column":10},"end":{"line":279,"column":26}},{"start":{"line":279,"column":30},"end":{"line":279,"column":47}},{"start":{"line":279,"column":51},"end":{"line":279,"column":68}}],"line":279},"73":{"loc":{"start":{"line":292,"column":2},"end":{"line":304,"column":null}},"type":"if","locations":[{"start":{"line":292,"column":2},"end":{"line":304,"column":null}},{"start":{},"end":{}}],"line":292},"74":{"loc":{"start":{"line":292,"column":31},"end":{"line":292,"column":50}},"type":"binary-expr","locations":[{"start":{"line":292,"column":31},"end":{"line":292,"column":44}},{"start":{"line":292,"column":48},"end":{"line":292,"column":50}}],"line":292},"75":{"loc":{"start":{"line":293,"column":4},"end":{"line":298,"column":null}},"type":"if","locations":[{"start":{"line":293,"column":4},"end":{"line":298,"column":null}},{"start":{},"end":{}}],"line":293},"76":{"loc":{"start":{"line":300,"column":4},"end":{"line":302,"column":null}},"type":"if","locations":[{"start":{"line":300,"column":4},"end":{"line":302,"column":null}},{"start":{},"end":{}}],"line":300}},"s":{"0":9,"1":9,"2":9,"3":9,"4":9,"5":9,"6":9,"7":9,"8":9,"9":135,"10":0,"11":135,"12":135,"13":2,"14":2,"15":1,"16":1,"17":1,"18":0,"19":1,"20":0,"21":1,"22":0,"23":0,"24":0,"25":0,"26":0,"27":0,"28":0,"29":0,"30":0,"31":0,"32":0
[...]
4,"column":53}}],"line":124},"55":{"loc":{"start":{"line":125,"column":8},"end":{"line":130,"column":null}},"type":"if","locations":[{"start":{"line":125,"column":8},"end":{"line":130,"column":null}},{"start":{"line":128,"column":15},"end":{"line":130,"column":null}}],"line":125},"56":{"loc":{"start":{"line":140,"column":18},"end":{"line":140,"column":41}},"type":"cond-expr","locations":[{"start":{"line":140,"column":31},"end":{"line":140,"column":34}},{"start":{"line":140,"column":37},"end":{"line":140,"column":41}}],"line":140},"57":{"loc":{"start":{"line":143,"column":23},"end":{"line":143,"column":52}},"type":"cond-expr","locations":[{"start":{"line":143,"column":36},"end":{"line":143,"column":42}},{"start":{"line":143,"column":45},"end":{"line":143,"column":52}}],"line":143},"58":{"loc":{"start":{"line":156,"column":51},"end":{"line":156,"column":146}},"type":"cond-expr","locations":[{"start":{"line":156,"column":61},"end":{"line":156,"column":104}},{"start":{"line":156,"column":107},"end":{"line":156,"column":146}}],"line":156},"59":{"loc":{"start":{"line":157,"column":10},"end":{"line":157,"column":258}},"type":"cond-expr","locations":[{"start":{"line":157,"column":46},"end":{"line":157,"column":253}},{"start":{"line":157,"column":256},"end":{"line":157,"column":258}}],"line":157},"60":{"loc":{"start":{"line":157,"column":10},"end":{"line":157,"column":43}},"type":"binary-expr","locations":[{"start":{"line":157,"column":10},"end":{"line":157,"column":33}},{"start":{"line":157,"column":37},"end":{"line":157,"column":43}}],"line":157},"61":{"loc":{"start":{"line":157,"column":74},"end":{"line":157,"column":173}},"type":"cond-expr","locations":[{"start":{"line":157,"column":84},"end":{"line":157,"column":127}},{"start":{"line":157,"column":130},"end":{"line":157,"column":173}}],"line":157},"62":{"loc":{"start":{"line":164,"column":31},"end":{"line":164,"column":48}},"type":"default-arg","locations":[{"start":{"line":164,"column":46},"end":{"line":164,"column":48}}],"line":164},"63":{"loc":{"start":{"line":164,"column":50},"end":{"line":164,"column":69}},"type":"default-arg","locations":[{"start":{"line":164,"column":65},"end":{"line":164,"column":69}}],"line":164},"64":{"loc":{"start":{"line":164,"column":71},"end":{"line":164,"column":85}},"type":"default-arg","locations":[{"start":{"line":164,"column":79},"end":{"line":164,"column":85}}],"line":164},"65":{"loc":{"start":{"line":165,"column":2},"end":{"line":173,"column":null}},"type":"if","locations":[{"start":{"line":165,"column":2},"end":{"line":173,"column":null}},{"start":{},"end":{}}],"line":165},"66":{"loc":{"start":{"line":168,"column":38},"end":{"line":168,"column":83}},"type":"cond-expr","locations":[{"start":{"line":168,"column":48},"end":{"line":168,"column":64}},{"start":{"line":168,"column":67},"end":{"line":168,"column":83}}],"line":168},"67":{"loc":{"start":{"line":169,"column":73},"end":{"line":169,"column":120}},"type":"cond-expr","locations":[{"start":{"line":169,"column":83},"end":{"line":169,"column":100}},{"start":{"line":169,"column":103},"end":{"line":169,"column":120}}],"line":169},"68":{"loc":{"start":{"line":170,"column":40},"end":{"line":170,"column":85}},"type":"cond-expr","locations":[{"start":{"line":170,"column":50},"end":{"line":170,"column":66}},{"start":{"line":170,"column":69},"end":{"line":170,"column":85}}],"line":170},"69":{"loc":{"start":{"line":194,"column":35},"end":{"line":194,"column":52}},"type":"default-arg","locations":[{"start":{"line":194,"column":50},"end":{"line":194,"column":52}}],"line":194},"70":{"loc":{"start":{"line":194,"column":54},"end":{"line":194,"column":73}},"type":"default-arg","locations":[{"start":{"line":194,"column":69},"end":{"line":194,"column":73}}],"line":194},"71":{"loc":{"start":{"line":209,"column":10},"end":{"line":246,"column":9}},"type":"cond-expr","locations":[{"start":{"line":209,"column":37},"end":{"line":213,"column":9}},{"start":{"line":213,"column":12},"end":{"line":246,"column":9}}],"line":209},"72":{"loc":{"start":{"line":222,"column":14},"end":{"line":222,"column":null}},"type":"if","locations":[{"start":{"line":222,"column":14},"end":{"line":222,"column":null}},{"start":{},"end":{}}],"line":222},"73":{"loc":{"start":{"line":223,"column":14},"end":{"line":223,"column":null}},"type":"if","locations":[{"start":{"line":223,"column":14},"end":{"line":223,"column":null}},{"start":{},"end":{}}],"line":223},"74":{"loc":{"start":{"line":224,"column":14},"end":{"line":224,"column":null}},"type":"if","locations":[{"start":{"line":224,"column":14},"end":{"line":224,"column":null}},{"start":{},"end":{}}],"line":224},"75":{"loc":{"start":{"line":250,"column":8},"end":{"line":280,"column":12}},"type":"cond-expr","locations":[{"start":{"line":250,"column":37},"end":{"line":280,"column":7}},{"start":{"line":280,"column":10},"end":{"line":280,"column":12}}],"line":250},"76":{"loc":{"start":{"line":304,"column":35},"end":{"line":304,"column":82}},"type":"binary-expr","locations":[{"start":{"line":304,"column":35},"end":{"line":304,"column":47}},{"start":{"line":304,"column":51},"end":{"line":304,"column":82}}],"line":304},"77":{"loc":{"start":{"line":309,"column":77},"end":{"line":309,"column":175}},"type":"cond-expr","locations":[{"start":{"line":309,"column":90},"end":{"line":309,"column":135}},{"start":{"line":309,"column":138},"end":{"line":309,"column":175}}],"line":309},"78":{"loc":{"start":{"line":314,"column":26},"end":{"line":314,"column":173}},"type":"cond-expr","locations":[{"start":{"line":314,"column":34},"end":{"line":314,"column":103}},{"start":{"line":314,"column":106},"end":{"line":314,"column":173}}],"line":314},"79":{"loc":{"start":{"line":319,"column":24},"end":{"line":319,"column":71}},"type":"cond-expr","locations":[{"start":{"line":319,"column":32},"end":{"line":319,"column":41}},{"start":{"line":319,"column":44},"end":{"line":319,"column":71}}],"line":319},"80":{"loc":{"start":{"line":322,"column":24},"end":{"line":322,"column":63}},"type":"cond-expr","locations":[{"start":{"line":322,"column":32},"end":{"line":322,"column":35}},{"start":{"line":322,"column":38},"end":{"line":322,"column":63}}],"line":322}},"s":{"0":5,"1":0,"2":5,"3":5,"4":1,"5":1,"6":0,"7":1,"8":1,"9":4,"10":18,"11":18,"12":18,"13":18,"14":18,"15":18,"16":18,"17":18,"18":18,"19":18,"20":18,"21":18,"22":7,"23":11,"24":0,"25":11,"26":1,"27":10,"28":1,"29":9,"30":1,"31":8,"32":5,"33":3,"34":18,"35":18,"36":7,"37":1,"38":6,"39":6,"40":11,"41":18,"42":18,"43":18,"44":18,"45":1,"46":18,"47":18,"48":18,"49":13,"50":13,"51":13,"52":13,"53":13,"54":13,"55":0,"56":0,"57":13,"58":13,"59":9,"60":9,"61":4,"62":13,"63":18,"64":11,"65":4,"66":4,"67":7,"68":8,"69":8,"70":5,"71":8,"72":9,"73":0,"74":9,"75":0,"76":9,"77":9,"78":9,"79":0,"80":0,"81":0,"82":0,"83":0,"84":0,"85":0,"86":0,"87":0,"88":0,"89":0,"90":0,"91":0,"92":0,"93":0,"94":0,"95":0,"96":0},"f":{"0":5,"1":18,"2":11,"3":8,"4":5,"5":9,"6":0,"7":0,"8":0,"9":0,"10":0},"b":{"0":[0,5],"1":[5,5],"2":[1,0],"3":[0,1],"4":[1,0],"5":[18],"6":[18],"7":[18,5],"8":[13,5],"9":[8,10],"10":[18,8],"11":[18,11],"12":[18,11],"13":[18,11],"14":[0,11],"15":[18,11],"16":[0,11],"17":[18,11],"18":[0,11],"19":[7,11],"20":[1,6],"21":[0,11],"22":[0,0],"23":[1,10],"24":[0,1],"25":[1,9],"26":[0,1],"27":[1,8],"28":[0,1],"29":[5,3],"30":[0,5],"31":[0,3],"32":[7,11],"33":[1,6],"34":[0,1],"35":[1,5],"36":[0,1],"37":[0,5],"38":[1,5],"39":[0,6],"40":[6,12],"41":[0,6],"42":[0,12],"43":[7,11],"44":[1,6],"45":[1,17],"46":[18,7],"47":[0,1],"48":[0,18],"49":[13,5],"50":[5,8],"51":[13,5],"52":[0,13],"53":[0,0],"54":[4,9],"55":[9,4],"56":[6,12],"57":[6,12],"58":[0,18],"59":[7,11],"60":[18,7],"61":[0,7],"62":[11],"63":[11],"64":[11],"65":[4,7],"66":[0,4],"67":[0,4],"68":[0,4],"69":[9],"70":[9],"71":[9,0],"72":[0,0],"73":[0,0],"74":[0,0],"75":[0,9],"76":[0,0],"77":[0,0],"78":[0,0],"79":[0,0],"80":[0,0]},"meta":{"lastBranch":81,"lastFunction":11,"lastStatement":97,"seen":{"f:5:16:5:31":0,"b:6:2:6:Infinity:undefined:undefined:undefined:undefined":0,"s:6:2:6:Infinity":0,"b:6:6:6:12:6:16:6:37":1,"s:6:39:6:Infinity":1,"s:7:2:15:Infinity":2,"s:7:15:7:24":3,"s:8:22:8:41":4,"b:8:22:8:36:8:40:8:41":2,"b:9:4:11:Infinity:undefined:undefined:undefined:undefined":3,"s:9:4:11:Infinity":5,"s:10:6:10:Infinity":6,"b:12:4:14:Infinity:undefined:undefined:undefined:undefined":4,"s:12:4:14:Infinity":7,"s:13:6:13:Infinity":8,"s:16:2:16:Infinity":9,"f:19:16:19:30":1,"b:19:50:19:55":5,"b:19:67:19:71":6,"s:20:16:20:31":10,"b:20:16:20:26:20:30:20:31":7,"s:21:19:21:56":11,"b:21:31:21:52:21:55:21:56":8,"s:22:16:22:65":12,"b:22:43:22:56:22:59:22:65":9,"b:22:16:22:23:22:27:22:40":10,"s:23:18:23:35":13,"s:25:16:25:41":14,"s:26:21:26:78":15,"b:26:21:26:27:26:32:26:77":11,"s:27:17:27:108":16,"b:27:17:27:23:27:28:27:107":12,"s:28:18:28:136":17,"b:28:18:28:24:28:29:28:135":13,"b:28:41:28:63:28:66:28:135":14,"s:29:18:29:147":18,"b:29:18:29:24:29:29:29:146":15,"b:29:41:29:63:29:66:29:146":16,"s:30:18:30:131":19,"b:30:18:30:24:30:29:30:130":17,"b:30:41:30:63:30:66:30:130":18,"s:32:17:32:19":20,"b:33:2:49:Infinity:37:9:49:Infinity":19,"s:33:2:49:Infinity":21,"s:34:4:36:Infinity":22,"b:35:8:35:Infinity:36:8:36:77":20,"b:37:9:49:Infinity:39:9:49:Infinity":21,"s:37:9:49:Infinity":23,"s:38:4:38:Infinity":24,"b:38:60:38:91:38:94:38:125":22,"b:39:9:49:Infinity:41:9:49:Infinity":23,"s:39:9:49:Infinity":25,"s:40:4:40:Infinity":26,"b:40:60:40:92:40:95:40:127":24,"b:41:9:49:Infinity:43:9:49:Infinity":25,"s:41:9:49:Infinity":27,"s:42:4:42:Infinity":28,"b:42:60:42:89:42:92:42:121":26,"b:43:9:49:Infinity:45:9:49:Infinity":27,"s:43:9:49:Infinity":29,"s:44:4:44:Infinity":30,"b:44:63:44:92:44:95:44:124":28,"b:45:9:49:Infinity:47:9:49:Infinity":29,"s:45:9:49:Infinity":31,"s:46:4:46:Infinity":32,"b:46:63:46:94:46:97:46:128":30,"s:48:4:48:Infinity":33,"b:48:59:48:89:48:92:48:122":31,"s:51:22:51:24":34,"b:52:2:77:Infinity:75:9:77:Infinity":32,"s:52:2:77:Infinity":35,"b:53:4:74:Infinity:59:11:74:Infinity":33,"s:53:4:74:Infinity":36,"s:54:6:58:Infinity":37,"b:55:87:55:104:55:107:55:124":34,"s:60:24:62:154":38,"b:61:10:61:Infinity:62:10:62:154":35,"b:61:61:61:78:61:81:61:98":36,"b:62:62:62:105:62:108:62:151":37,"s:63:6:73:Infinity":39,"b:67:42:67:62:67:65:67:88":38,"b:69:96:69:119:69:122:69:141":39,"s:76:4:76:Infinity":40,"s:79:26:85:91":41,"b:80:7:82:105:83:7:85:90":40,"b:81:10:81:Infinity:82:10:82:105":41,"b:84:10:84:Infinity:85:10:85:90":42,"s:87:23:87:91":42,"b:87:31:87:86:87:89:87:91":43,"b:87:67:87:73:87:76:87:83":44,"s:89:18:89:20":43,"b:90:2:106:Infinity:undefined:undefined:undefined:undefined":45,"s:90:2:106:Infinity":44,"b:90:6:90:11:90:15:90:25":46,"s:91:4:105:Infinity":45,"b:92:46:92:85:92:88:92:134":47,"s:108:20:108:51":46,"b:108:30:108:39:108:42:108:51":48,"s:110:22:110:24":47,"b:111:2:134:Infinity:undefined:undefined:undefined:undefined":49,"s:111:2:134:Infinity":48,"s:112:21:112:23":49,"s:113:4:132:Infinity":50,"s:113:17:113:18":51,"s:114:23:114:40":52,"s:115:23:117:14":53,"b:116:10:116:Infinity:117:10:117:14":50,"b:115:23:115:30:115:34:115:Infinity":51,"b:119:6:131:Infinity:123:13:131:Infinity":52,"s:119:6:131:Infinity":54,"b:120:8:122:Infinity:undefined:undefined:undefined:undefined":53,"s:120:8:122:Infinity":55,"s:121:10:121:Infinity":56,"s:124:27:124:53":57,"b:124:35:124:40:124:43:124:53":54,"b:125:8:130:Infinity:128:15:130:Infinity":55,"s:125:8:130:Infinity":58,"s:126:10:126:Infinity":59,"s:127:10:127:Infinity":60,"s:129:10:129:Infinity":61,"s:133:4:133:Infinity":62,"s:136:2:161:Infinity":63,"b:140:31:140:34:140:37:140:41":56,"b:143:36:143:42:143:45:143:52":57,"b:156:61:156:104:156:107:156:146":58,"b:157:46:157:253:157:256:157:258":59,"b:157:10:157:33:157:37:157:43":60,"b:157:84:157:127:157:130:157:173":61,"f:164:16:164:30":2,"b:164:46:164:48":62,"b:164:65:164:69":63,"b:164:79:164:85":64,"b:165:2:173:Infinity:undefined:undefined:undefined:undefined":65,"s:165:2:173:Infinity":64,"s:166:20:166:37":65,"s:167:4:172:Infinity":66,"b:168:48:168:64:168:67:168:83":66,"b:169:83:169:100:169:103:169:120":67,"b:170:50:170:66:170:69:170:85":68,"s:175:2:191:Infinity":67,"f:182:25:182:26":3,"s:183:27:183:53":68,"s:184:21:187:9":69,"f:185:34:185:35":4,"s:185:43:185:82":70,"s:188:8:188:Infinity":71,"f:194:16:194:34":5,"b:194:50:194:52":69,"b:194:69:194:73":70,"s:195:18:195:66":72,"f:195:38:195:39":6,"s:195:43:195:65":73,"s:196:16:196:64":74,"f:196:36:196:37":7,"s:196:41:196:63":75,"s:198:22:198:39":76,"s:199:26:199:45":77,"s:201:2:332:Infinity":78,"b:209:37:213:9:213:12:246:9":71,"f:215:30:215:34":8,"s:216:26:216:53":79,"s:217:28:217:74":80,"s:218:28:218:67":81,"s:219:28:219:64":82,"s:221:31:221:73":83,"b:222:14:222:Infinity:undefined:undefined:undefined:undefined":72,"s:222:14:222:Infinity":84,"s:222:25:222:Infinity":85,"b:223:14:223:Infinity:undefined:undefined:undefined:undefined":73,"s:223:14:223:Infinity":86,"s:223:25:223:Infinity":87,"b:224:14:224:Infinity:undefined:undefined:undefined:undefined":74,"s:224:14:224:Infinity":88,"s:224:25:224:Infinity":89,"s:226:14:243:Infinity":90,"b:250:37:280:7:280:10:280:12":75,"f:254:34:254:35":9,"s:255:32:259:15":91,"s:260:27:260:60":92,"s:261:14:276:Infinity":93,"f:302:46:302:47":10,"s:303:30:303:55":94,"s:304:35:304:82":95,"b:304:35:304:47:304:51:304:82":76,"s:305:16:325:Infinity":96,"b:309:90:309:135:309:138:309:175":77,"b:314:34:314:103:314:106:314:173":78,"b:319:32:319:41:319:44:319:71":79,"b:322:32:322:35:322:38:322:63":80},"fnNames":{}}}
,"C:\\Users\\phall\\Documents\\CODE2026-7\\DirectoryDisplayApp\\DirectoryDisplayApp\\src\\renderers\\welcomeScreen.js": {"path":"C:\\Users\\phall\\Documents\\CODE2026-7\\DirectoryDisplayApp\\DirectoryDisplayApp\\src\\renderers\\welcomeScreen.js","statementMap":{"0":{"start":{"line":5,"column":2},"end":{"line":37,"column":null}}},"fnMap":{"0":{"name":"renderWelcomeScreen","decl":{"start":{"line":4,"column":16},"end":{"line":4,"column":35}},"loc":{"start":{"line":4,"column":43},"end":{"line":38,"column":null}},"line":4}},"branchMap":{"0":{"loc":{"start":{"line":29,"column":10},"end":{"line":34,"column":14}},"type":"cond-expr","locations":[{"start":{"line":29,"column":18},"end":{"line":34,"column":9}},{"start":{"line":34,"column":12},"end":{"line":34,"column":14}}],"line":29}},"s":{"0":0},"f":{"0":0},"b":{"0":[0,0]},"meta":{"lastBranch":1,"lastFunction":1,"lastStatement":1,"seen":{"f:4:16:4:35":0,"s:5:2:37:Infinity":0,"b:29:18:34:9:34:12:34:14":0},"fnNames":{}}}
,"C:\\Users\\phall\\Documents\\CODE2026-7\\DirectoryDisplayApp\\DirectoryDisplayApp\\tests\\helpers\\testDirectoryHelper.js": {"path":"C:\\Users\\phall\\Documents\\CODE2026-7\\DirectoryDisplayApp\\DirectoryDisplayApp\\tests\\helpers\\testDirectoryHelper.js","statementMap":{"0":{"start":{"line":39,"column":22},"end":{"line":39,"column":90}},"1":{"start":{"line":40,"column":18},"end":{"line":40,"column":68}},"2":{"start":{"line":42,"column":2},"end":{"line":42,"column":null}},"3":{"start":{"line":45,"column":18},"end":{"line":45,"column":49}},"4":{"start":{"line":46,"column":2},"end":{"line":46,"column":null}},"5":{"start":{"line":47,"column":2},"end":{"line":47,"column":null}},"6":{"start":{"line":48,"column":2},"end":{"line":48,"column":null}},"7":{"start":{"line":49,"column":2},"end":{"line":49,"column":null}},"8":{"start":{"line":50,"column":2},"end":{"line":50,"column":null}},"9":{"start":{"line":53,"column":17},"end":{"line":53,"column":45}},"10":{"start":{"line":54,"column":2},"end":{"line":54,"column":null}},"11":{"start":{"line":55,"column":20},"end":{"line":55,"column":176}},"12":{"start":{"line":56,"column":2},"end":{"line":56,"column":null}},"13":{"start":{"line":57,"column":2},"end":{"line":57,"column":null}},"14":{"start":{"line":60,"column":19},"end":{"line":60,"column":47}},"15":{"start":{"line":61,"column":2},"end":{"line":61,"column":null}},"16":{"start":{"line":62,"column":2},"end":{"line":62,"column":null}},"17":{"start":{"line":63,"column":2},"end":{"line":63,"column":null}},"18":{"start":{"line":66,"column":18},"end":{"line":66,"column":47}},"19":{"start":{"line":67,"column":19},"end":{"line":67,"column":56}},"20":{"start":{"line":68,"column":16},"end":{"line":68,"column":46}},"21":{"start":{"line":69,"column":2},"end":{"line":69,"column":null}},"22":{"start":{"line":70,"column":2},"end":{"line":70,"column":null}},"23":{"start":{"line":71,"column":2},"end":{"line":71,"column":null}},"24":{"start":{"line":72,"column":2},"end":{"line":72,"column":null}},"25":{"start":{"line":75,"column":2},"end":{"line":75,"column":null}},"26":{"start":{"line":78,"column":18},"end":{"line":78,"column":57}},"27":{"start":{"line":79,"column":2},"end":{"line":79,"column":null}},"28":{"start":{"line":80,"column":2},"end":{"line":80,"column":null}},"29":{"start":{"line":81,"column":2},"end":{"line":81,"column":null}},"30":{"start":{"line":82,"column":2},"end":{"line":82,"column":null}},"31":{"start":{"line":83,"column":2},"end":{"line":83,"column":null}},"32":{"start":{"line":86,"column":21},"end":{"line":86,"column":61}},"33":{"start":{"line":87,"column":19},"end":{"line":87,"column":64}},"34":{"start":{"line":88,"column":2},"end":{"line":88,"column":null}},"35":{"start":{"line":89,"column":2},"end":{"line":89,"column":null}},"36":{"start":{"line":90,"column":2},"end":{"line":90,"column":null}},"37":{"start":{"line":91,"column":2},"end":{"line":91,"column":null}},"38":{"start":{"line":93,"column":2},"end":{"line":103,"column":null}},"39":{"start":{"line":107,"column":2},"end":{"line":113,"column":null}},"40":{"start":{"line":108,"column":4},"end":{"line":112,"column":null}},"41":{"start":{"line":109,"column":6},"end":{"line":109,"column":null}}},"fnMap":{"0":{"name":"createTestDirectoryTree","decl":{"start":{"line":38,"column":22},"end":{"line":38,"column":45}},"loc":{"start":{"line":38,"column":48},"end":{"line":104,"column":null}},"line":38},"1":{"name":"cleanupTestDirectoryTree","decl":{"start":{"line":106,"column":22},"end":{"line":106,"column":46}},"loc":{"start":{"line":106,"column":56},"end":{"line":114,"column":null}},"line":106}},"branchMap":{"0":{"loc":{"start":{"line":107,"column":2},"end":{"line":113,"column":null}},"type":"if","locations":[{"start":{"line":107,"column":2},"end":{"line":113,"column":null}},{"start":{},"end":{}}],"line":107},"1":{"loc":{"start":{"line":107,"column":6},"end":{"line":107,"column":39}},"type":"binary-expr","locations":[{"start":{"line":107,"column":6},"end":{"line":107,"column":13}},{"start":{"line":107,"column":17},"end":{"line":107,"column":39}}],"line":107}},"s":{"0":26,"1":26,"2":26,"3":26,"4":26,"5":26,"6":26,"7":26,"8":26,"9":26,"10":26,"11":26,"12":26,"13":26,"14":26,"15":26,"16":26,"17":26,"18":26,"19":26,"20":26,"21":26,"22":26,"23":26,"24":26,"25":26,"26":26,"27":26,"28":26,"29":26,"30":26,"31":26,"32":26,"33":26,"34":26,"35":26,"36":26,"37":26,"38":26,"39":26,"40":26,"41":26},"f":{"0":26,"1":26},"b":{"0":[26,0],"1":[26,26]},"meta":{"lastBranch":2,"lastFunction":2,"lastStatement":42,"seen":{"f:38:22:38:45":0,"s:39:22:39:90":0,"s:40:18:40:68":1,"s:42:2:42:Infinity":2,"s:45:18:45:49":3,"s:46:2:46:Infinity":4,"s:47:2:47:Infinity":5,"s:48:2:48:Infinity":6,"s:49:2:49:Infinity":7,"s:50:2:50:Infinity":8,"s:53:17:53:45":9,"s:54:2:54:Infinity":10,"s:55:20:55:176":11,"s:56:2:56:Infinity":12,"s:57:2:57:Infinity":13,"s:60:19:60:47":14,"s:61:2:61:Infinity":15,"s:62:2:62:Infinity":16,"s:63:2:63:Infinity":17,"s:66:18:66:47":18,"s:67:19:67:56":19,"s:68:16:68:46":20,"s:69:2:69:Infinity":21,"s:70:2:70:Infinity":22,"s:71:2:71:Infinity":23,"s:72:2:72:Infinity":24,"s:75:2:75:Infinity":25,"s:78:18:78:57":26,"s:79:2:79:Infinity":27,"s:80:2:80:Infinity":28,"s:81:2:81:Infinity":29,"s:82:2:82:Infinity":30,"s:83:2:83:Infinity":31,"s:86:21:86:61":32,"s:87:19:87:64":33,"s:88:2:88:Infinity":34,"s:89:2:89:Infinity":35,"s:90:2:90:Infinity":36,"s:91:2:91:Infinity":37,"s:93:2:103:Infinity":38,"f:106:22:106:46":1,"b:107:2:113:Infinity:undefined:undefined:undefined:undefined":0,"s:107:2:113:Infinity":39,"b:107:6:107:13:107:17:107:39":1,"s:108:4:112:Infinity":40,"s:109:6:109:Infinity":41},"fnNames":{}}}
}
